2024-05-15 17:29:16,593 - wifiMonitorLogger - auto.py - 98 - INFO - 检测开始...
2024-05-15 17:29:17,399 - wifiMonitorLogger - auto.py - 122 - INFO - 连接正常！
2024-05-15 17:30:16,633 - wifiMonitorLogger - auto.py - 98 - INFO - 检测开始...
2024-05-15 17:30:17,021 - wifiMonitorLogger - auto.py - 122 - INFO - 连接正常！
2024-05-15 17:31:16,672 - wifiMonitorLogger - auto.py - 98 - INFO - 检测开始...
2024-05-15 17:31:17,051 - wifiMonitorLogger - auto.py - 122 - INFO - 连接正常！
2024-05-15 17:32:16,712 - wifiMonitorLogger - auto.py - 98 - INFO - 检测开始...
2024-05-15 17:32:17,098 - wifiMonitorLogger - auto.py - 122 - INFO - 连接正常！
2024-05-15 17:33:16,752 - wifiMonitorLogger - auto.py - 98 - INFO - 检测开始...
2024-05-15 17:33:17,117 - wifiMonitorLogger - auto.py - 122 - INFO - 连接正常！
2024-05-15 17:34:16,791 - wifiMonitorLogger - auto.py - 98 - INFO - 检测开始...
2024-05-15 17:34:17,181 - wifiMonitorLogger - auto.py - 122 - INFO - 连接正常！
2024-05-15 17:35:16,825 - wifiMonitorLogger - auto.py - 98 - INFO - 检测开始...
2024-05-15 17:35:17,269 - wifiMonitorLogger - auto.py - 122 - INFO - 连接正常！
2024-05-15 17:36:16,861 - wifiMonitorLogger - auto.py - 98 - INFO - 检测开始...
2024-05-15 17:36:17,308 - wifiMonitorLogger - auto.py - 122 - INFO - 连接正常！
2024-05-15 17:37:16,898 - wifiMonitorLogger - auto.py - 98 - INFO - 检测开始...
2024-05-15 17:37:17,277 - wifiMonitorLogger - auto.py - 122 - INFO - 连接正常！
2024-05-15 17:38:16,935 - wifiMonitorLogger - auto.py - 98 - INFO - 检测开始...
2024-05-15 17:38:17,314 - wifiMonitorLogger - auto.py - 122 - INFO - 连接正常！
2024-05-15 17:39:16,978 - wifiMonitorLogger - auto.py - 98 - INFO - 检测开始...
2024-05-15 17:39:17,340 - wifiMonitorLogger - auto.py - 122 - INFO - 连接正常！
2024-05-15 17:40:17,013 - wifiMonitorLogger - auto.py - 98 - INFO - 检测开始...
2024-05-15 17:40:17,378 - wifiMonitorLogger - auto.py - 122 - INFO - 连接正常！
2024-05-15 17:41:17,051 - wifiMonitorLogger - auto.py - 98 - INFO - 检测开始...
2024-05-15 17:41:17,482 - wifiMonitorLogger - auto.py - 122 - INFO - 连接正常！
2024-05-15 17:42:17,089 - wifiMonitorLogger - auto.py - 98 - INFO - 检测开始...
2024-05-15 17:42:17,449 - wifiMonitorLogger - auto.py - 122 - INFO - 连接正常！
2024-05-15 17:43:17,128 - wifiMonitorLogger - auto.py - 98 - INFO - 检测开始...
2024-05-15 17:43:17,480 - wifiMonitorLogger - auto.py - 122 - INFO - 连接正常！
2024-05-15 17:44:17,169 - wifiMonitorLogger - auto.py - 98 - INFO - 检测开始...
2024-05-15 17:44:17,526 - wifiMonitorLogger - auto.py - 122 - INFO - 连接正常！
2024-05-15 17:45:17,208 - wifiMonitorLogger - auto.py - 98 - INFO - 检测开始...
2024-05-15 17:45:17,630 - wifiMonitorLogger - auto.py - 122 - INFO - 连接正常！
2024-05-15 17:46:17,247 - wifiMonitorLogger - auto.py - 98 - INFO - 检测开始...
2024-05-15 17:46:17,625 - wifiMonitorLogger - auto.py - 122 - INFO - 连接正常！
2024-05-15 17:47:17,282 - wifiMonitorLogger - auto.py - 98 - INFO - 检测开始...
2024-05-15 17:47:17,675 - wifiMonitorLogger - auto.py - 122 - INFO - 连接正常！
2024-05-15 17:48:17,320 - wifiMonitorLogger - auto.py - 98 - INFO - 检测开始...
2024-05-15 17:48:17,708 - wifiMonitorLogger - auto.py - 122 - INFO - 连接正常！
2024-05-15 17:49:17,362 - wifiMonitorLogger - auto.py - 98 - INFO - 检测开始...
2024-05-15 17:49:17,723 - wifiMonitorLogger - auto.py - 122 - INFO - 连接正常！
2024-05-15 17:50:17,400 - wifiMonitorLogger - auto.py - 98 - INFO - 检测开始...
2024-05-15 17:50:17,830 - wifiMonitorLogger - auto.py - 122 - INFO - 连接正常！
2024-05-15 17:51:17,438 - wifiMonitorLogger - auto.py - 98 - INFO - 检测开始...
2024-05-15 17:51:17,803 - wifiMonitorLogger - auto.py - 122 - INFO - 连接正常！
2024-05-15 17:52:17,479 - wifiMonitorLogger - auto.py - 98 - INFO - 检测开始...
2024-05-15 17:52:17,898 - wifiMonitorLogger - auto.py - 122 - INFO - 连接正常！
2024-05-15 17:53:17,516 - wifiMonitorLogger - auto.py - 98 - INFO - 检测开始...
2024-05-15 17:53:17,915 - wifiMonitorLogger - auto.py - 122 - INFO - 连接正常！
2024-05-15 17:54:17,556 - wifiMonitorLogger - auto.py - 98 - INFO - 检测开始...
2024-05-15 17:54:17,949 - wifiMonitorLogger - auto.py - 122 - INFO - 连接正常！
2024-05-15 17:55:17,597 - wifiMonitorLogger - auto.py - 98 - INFO - 检测开始...
2024-05-15 17:55:18,030 - wifiMonitorLogger - auto.py - 122 - INFO - 连接正常！
2024-05-15 17:56:17,636 - wifiMonitorLogger - auto.py - 98 - INFO - 检测开始...
2024-05-15 17:56:18,054 - wifiMonitorLogger - auto.py - 122 - INFO - 连接正常！
2024-05-15 17:57:17,677 - wifiMonitorLogger - auto.py - 98 - INFO - 检测开始...
2024-05-15 17:57:18,038 - wifiMonitorLogger - auto.py - 122 - INFO - 连接正常！
2024-05-15 17:58:17,714 - wifiMonitorLogger - auto.py - 98 - INFO - 检测开始...
2024-05-15 17:58:18,082 - wifiMonitorLogger - auto.py - 122 - INFO - 连接正常！
2024-05-15 17:59:17,750 - wifiMonitorLogger - auto.py - 98 - INFO - 检测开始...
2024-05-15 17:59:18,120 - wifiMonitorLogger - auto.py - 122 - INFO - 连接正常！
2024-05-15 18:00:17,786 - wifiMonitorLogger - auto.py - 98 - INFO - 检测开始...
2024-05-15 18:00:18,213 - wifiMonitorLogger - auto.py - 122 - INFO - 连接正常！
2024-05-15 18:01:17,826 - wifiMonitorLogger - auto.py - 98 - INFO - 检测开始...
2024-05-15 18:01:18,227 - wifiMonitorLogger - auto.py - 122 - INFO - 连接正常！
2024-05-15 18:02:17,872 - wifiMonitorLogger - auto.py - 98 - INFO - 检测开始...
2024-05-15 18:02:18,271 - wifiMonitorLogger - auto.py - 122 - INFO - 连接正常！
2024-05-15 18:03:17,913 - wifiMonitorLogger - auto.py - 98 - INFO - 检测开始...
2024-05-15 18:03:18,287 - wifiMonitorLogger - auto.py - 122 - INFO - 连接正常！
2024-05-15 18:04:17,951 - wifiMonitorLogger - auto.py - 98 - INFO - 检测开始...
2024-05-15 18:04:18,348 - wifiMonitorLogger - auto.py - 122 - INFO - 连接正常！
2024-05-15 18:05:17,988 - wifiMonitorLogger - auto.py - 98 - INFO - 检测开始...
2024-05-15 18:05:18,376 - wifiMonitorLogger - auto.py - 122 - INFO - 连接正常！
2024-05-15 18:06:18,025 - wifiMonitorLogger - auto.py - 98 - INFO - 检测开始...
2024-05-15 18:06:18,394 - wifiMonitorLogger - auto.py - 122 - INFO - 连接正常！
2024-05-15 18:07:18,066 - wifiMonitorLogger - auto.py - 98 - INFO - 检测开始...
2024-05-15 18:07:18,502 - wifiMonitorLogger - auto.py - 122 - INFO - 连接正常！
2024-05-15 18:08:18,103 - wifiMonitorLogger - auto.py - 98 - INFO - 检测开始...
2024-05-15 18:08:18,531 - wifiMonitorLogger - auto.py - 122 - INFO - 连接正常！
2024-05-15 18:09:18,143 - wifiMonitorLogger - auto.py - 98 - INFO - 检测开始...
2024-05-15 18:09:18,622 - wifiMonitorLogger - auto.py - 122 - INFO - 连接正常！
2024-05-15 18:10:18,182 - wifiMonitorLogger - auto.py - 98 - INFO - 检测开始...
2024-05-15 18:10:18,676 - wifiMonitorLogger - auto.py - 122 - INFO - 连接正常！
2024-05-15 18:11:18,224 - wifiMonitorLogger - auto.py - 98 - INFO - 检测开始...
2024-05-15 18:11:18,578 - wifiMonitorLogger - auto.py - 122 - INFO - 连接正常！
2024-05-15 18:12:18,262 - wifiMonitorLogger - auto.py - 98 - INFO - 检测开始...
2024-05-15 18:12:18,645 - wifiMonitorLogger - auto.py - 122 - INFO - 连接正常！
2024-05-15 18:13:18,300 - wifiMonitorLogger - auto.py - 98 - INFO - 检测开始...
2024-05-15 18:13:18,707 - wifiMonitorLogger - auto.py - 122 - INFO - 连接正常！
2024-05-15 18:14:18,342 - wifiMonitorLogger - auto.py - 98 - INFO - 检测开始...
2024-05-15 18:14:18,736 - wifiMonitorLogger - auto.py - 122 - INFO - 连接正常！
2024-05-15 18:15:18,384 - wifiMonitorLogger - auto.py - 98 - INFO - 检测开始...
2024-05-15 18:15:18,777 - wifiMonitorLogger - auto.py - 122 - INFO - 连接正常！
2024-05-15 18:16:18,423 - wifiMonitorLogger - auto.py - 98 - INFO - 检测开始...
2024-05-15 18:16:18,793 - wifiMonitorLogger - auto.py - 122 - INFO - 连接正常！
2024-05-15 18:17:18,462 - wifiMonitorLogger - auto.py - 98 - INFO - 检测开始...
2024-05-15 18:17:18,873 - wifiMonitorLogger - auto.py - 122 - INFO - 连接正常！
2024-05-15 18:18:18,500 - wifiMonitorLogger - auto.py - 98 - INFO - 检测开始...
2024-05-15 18:18:18,850 - wifiMonitorLogger - auto.py - 122 - INFO - 连接正常！
2024-05-15 18:19:18,542 - wifiMonitorLogger - auto.py - 98 - INFO - 检测开始...
2024-05-15 18:19:18,947 - wifiMonitorLogger - auto.py - 122 - INFO - 连接正常！
2024-05-15 18:20:18,580 - wifiMonitorLogger - auto.py - 98 - INFO - 检测开始...
2024-05-15 18:20:18,992 - wifiMonitorLogger - auto.py - 122 - INFO - 连接正常！
2024-05-15 18:21:18,618 - wifiMonitorLogger - auto.py - 98 - INFO - 检测开始...
2024-05-15 18:21:18,969 - wifiMonitorLogger - auto.py - 122 - INFO - 连接正常！
2024-05-15 18:22:18,659 - wifiMonitorLogger - auto.py - 98 - INFO - 检测开始...
2024-05-15 18:22:19,027 - wifiMonitorLogger - auto.py - 122 - INFO - 连接正常！
2024-05-15 18:23:18,697 - wifiMonitorLogger - auto.py - 98 - INFO - 检测开始...
2024-05-15 18:23:19,102 - wifiMonitorLogger - auto.py - 122 - INFO - 连接正常！
2024-05-15 18:24:18,733 - wifiMonitorLogger - auto.py - 98 - INFO - 检测开始...
2024-05-15 18:24:19,109 - wifiMonitorLogger - auto.py - 122 - INFO - 连接正常！
2024-05-15 18:25:18,768 - wifiMonitorLogger - auto.py - 98 - INFO - 检测开始...
2024-05-15 18:25:19,174 - wifiMonitorLogger - auto.py - 122 - INFO - 连接正常！
2024-05-15 18:26:18,809 - wifiMonitorLogger - auto.py - 98 - INFO - 检测开始...
2024-05-15 18:26:19,186 - wifiMonitorLogger - auto.py - 122 - INFO - 连接正常！
2024-05-15 18:27:18,849 - wifiMonitorLogger - auto.py - 98 - INFO - 检测开始...
2024-05-15 18:27:19,241 - wifiMonitorLogger - auto.py - 122 - INFO - 连接正常！
2024-05-15 18:28:18,890 - wifiMonitorLogger - auto.py - 98 - INFO - 检测开始...
2024-05-15 18:28:19,253 - wifiMonitorLogger - auto.py - 122 - INFO - 连接正常！
2024-05-15 18:29:18,925 - wifiMonitorLogger - auto.py - 98 - INFO - 检测开始...
2024-05-15 18:29:19,296 - wifiMonitorLogger - auto.py - 122 - INFO - 连接正常！
2024-05-15 18:30:18,962 - wifiMonitorLogger - auto.py - 98 - INFO - 检测开始...
2024-05-15 18:30:19,326 - wifiMonitorLogger - auto.py - 122 - INFO - 连接正常！
2024-05-15 18:31:19,000 - wifiMonitorLogger - auto.py - 98 - INFO - 检测开始...
2024-05-15 18:31:19,380 - wifiMonitorLogger - auto.py - 122 - INFO - 连接正常！
2024-05-15 18:32:19,039 - wifiMonitorLogger - auto.py - 98 - INFO - 检测开始...
2024-05-15 18:32:19,422 - wifiMonitorLogger - auto.py - 122 - INFO - 连接正常！
2024-05-15 18:33:19,078 - wifiMonitorLogger - auto.py - 98 - INFO - 检测开始...
2024-05-15 18:33:19,459 - wifiMonitorLogger - auto.py - 122 - INFO - 连接正常！
2024-05-15 18:34:19,114 - wifiMonitorLogger - auto.py - 98 - INFO - 检测开始...
2024-05-15 18:34:19,514 - wifiMonitorLogger - auto.py - 122 - INFO - 连接正常！
2024-05-15 18:35:19,152 - wifiMonitorLogger - auto.py - 98 - INFO - 检测开始...
2024-05-15 18:35:19,565 - wifiMonitorLogger - auto.py - 122 - INFO - 连接正常！
2024-05-15 18:36:19,190 - wifiMonitorLogger - auto.py - 98 - INFO - 检测开始...
2024-05-15 18:36:19,552 - wifiMonitorLogger - auto.py - 122 - INFO - 连接正常！
2024-05-15 18:37:19,231 - wifiMonitorLogger - auto.py - 98 - INFO - 检测开始...
2024-05-15 18:37:19,599 - wifiMonitorLogger - auto.py - 122 - INFO - 连接正常！
2024-05-15 18:38:19,275 - wifiMonitorLogger - auto.py - 98 - INFO - 检测开始...
2024-05-15 18:38:19,626 - wifiMonitorLogger - auto.py - 122 - INFO - 连接正常！
2024-05-15 18:39:19,311 - wifiMonitorLogger - auto.py - 98 - INFO - 检测开始...
2024-05-15 18:39:19,730 - wifiMonitorLogger - auto.py - 122 - INFO - 连接正常！
2024-05-15 18:40:19,352 - wifiMonitorLogger - auto.py - 98 - INFO - 检测开始...
2024-05-15 18:40:19,742 - wifiMonitorLogger - auto.py - 122 - INFO - 连接正常！
2024-05-15 18:41:19,391 - wifiMonitorLogger - auto.py - 98 - INFO - 检测开始...
2024-05-15 18:41:19,823 - wifiMonitorLogger - auto.py - 122 - INFO - 连接正常！
2024-05-15 18:42:19,430 - wifiMonitorLogger - auto.py - 98 - INFO - 检测开始...
2024-05-15 18:42:19,873 - wifiMonitorLogger - auto.py - 122 - INFO - 连接正常！
2024-05-15 18:43:19,465 - wifiMonitorLogger - auto.py - 98 - INFO - 检测开始...
2024-05-15 18:43:19,825 - wifiMonitorLogger - auto.py - 122 - INFO - 连接正常！
2024-05-15 18:44:19,505 - wifiMonitorLogger - auto.py - 98 - INFO - 检测开始...
2024-05-15 18:44:19,949 - wifiMonitorLogger - auto.py - 122 - INFO - 连接正常！
2024-05-15 18:45:19,543 - wifiMonitorLogger - auto.py - 98 - INFO - 检测开始...
2024-05-15 18:45:19,933 - wifiMonitorLogger - auto.py - 122 - INFO - 连接正常！
2024-05-15 18:46:19,580 - wifiMonitorLogger - auto.py - 98 - INFO - 检测开始...
2024-05-15 18:46:19,962 - wifiMonitorLogger - auto.py - 122 - INFO - 连接正常！
2024-05-15 18:47:19,622 - wifiMonitorLogger - auto.py - 98 - INFO - 检测开始...
2024-05-15 18:47:20,002 - wifiMonitorLogger - auto.py - 122 - INFO - 连接正常！
2024-05-15 18:48:19,657 - wifiMonitorLogger - auto.py - 98 - INFO - 检测开始...
2024-05-15 18:48:20,021 - wifiMonitorLogger - auto.py - 122 - INFO - 连接正常！
2024-05-15 18:49:19,702 - wifiMonitorLogger - auto.py - 98 - INFO - 检测开始...
2024-05-15 18:49:20,085 - wifiMonitorLogger - auto.py - 122 - INFO - 连接正常！
2024-05-15 18:50:19,740 - wifiMonitorLogger - auto.py - 98 - INFO - 检测开始...
2024-05-15 18:50:20,149 - wifiMonitorLogger - auto.py - 122 - INFO - 连接正常！
2024-05-15 18:51:19,778 - wifiMonitorLogger - auto.py - 98 - INFO - 检测开始...
2024-05-15 18:51:20,144 - wifiMonitorLogger - auto.py - 122 - INFO - 连接正常！
2024-05-15 18:52:19,815 - wifiMonitorLogger - auto.py - 98 - INFO - 检测开始...
2024-05-15 18:52:20,173 - wifiMonitorLogger - auto.py - 122 - INFO - 连接正常！
2024-05-15 18:53:19,853 - wifiMonitorLogger - auto.py - 98 - INFO - 检测开始...
2024-05-15 18:53:20,253 - wifiMonitorLogger - auto.py - 122 - INFO - 连接正常！
2024-05-15 18:54:19,893 - wifiMonitorLogger - auto.py - 98 - INFO - 检测开始...
2024-05-15 18:54:20,325 - wifiMonitorLogger - auto.py - 122 - INFO - 连接正常！
2024-05-15 18:55:19,931 - wifiMonitorLogger - auto.py - 98 - INFO - 检测开始...
2024-05-15 18:55:20,357 - wifiMonitorLogger - auto.py - 122 - INFO - 连接正常！
2024-05-15 18:56:19,966 - wifiMonitorLogger - auto.py - 98 - INFO - 检测开始...
2024-05-15 18:56:20,331 - wifiMonitorLogger - auto.py - 122 - INFO - 连接正常！
2024-05-15 18:57:20,001 - wifiMonitorLogger - auto.py - 98 - INFO - 检测开始...
2024-05-15 18:57:20,402 - wifiMonitorLogger - auto.py - 122 - INFO - 连接正常！
2024-05-15 18:58:20,039 - wifiMonitorLogger - auto.py - 98 - INFO - 检测开始...
2024-05-15 18:58:20,427 - wifiMonitorLogger - auto.py - 122 - INFO - 连接正常！
2024-05-15 18:59:20,081 - wifiMonitorLogger - auto.py - 98 - INFO - 检测开始...
2024-05-15 18:59:20,411 - wifiMonitorLogger - auto.py - 122 - INFO - 连接正常！
2024-05-15 19:00:20,118 - wifiMonitorLogger - auto.py - 98 - INFO - 检测开始...
2024-05-15 19:00:20,513 - wifiMonitorLogger - auto.py - 122 - INFO - 连接正常！
2024-05-15 19:01:20,156 - wifiMonitorLogger - auto.py - 98 - INFO - 检测开始...
2024-05-15 19:01:20,495 - wifiMonitorLogger - auto.py - 122 - INFO - 连接正常！
2024-05-15 19:02:20,205 - wifiMonitorLogger - auto.py - 98 - INFO - 检测开始...
2024-05-15 19:02:20,597 - wifiMonitorLogger - auto.py - 122 - INFO - 连接正常！
2024-05-15 19:03:20,243 - wifiMonitorLogger - auto.py - 98 - INFO - 检测开始...
2024-05-15 19:03:20,632 - wifiMonitorLogger - auto.py - 122 - INFO - 连接正常！
2024-05-15 19:04:20,278 - wifiMonitorLogger - auto.py - 98 - INFO - 检测开始...
2024-05-15 19:04:20,757 - wifiMonitorLogger - auto.py - 122 - INFO - 连接正常！
2024-05-15 19:05:20,317 - wifiMonitorLogger - auto.py - 98 - INFO - 检测开始...
2024-05-15 19:05:20,674 - wifiMonitorLogger - auto.py - 122 - INFO - 连接正常！
2024-05-15 19:06:20,359 - wifiMonitorLogger - auto.py - 98 - INFO - 检测开始...
2024-05-15 19:06:20,748 - wifiMonitorLogger - auto.py - 122 - INFO - 连接正常！
2024-05-15 19:07:20,400 - wifiMonitorLogger - auto.py - 98 - INFO - 检测开始...
2024-05-15 19:07:20,765 - wifiMonitorLogger - auto.py - 122 - INFO - 连接正常！
2024-05-15 19:08:20,436 - wifiMonitorLogger - auto.py - 98 - INFO - 检测开始...
2024-05-15 19:08:21,811 - wifiMonitorLogger - auto.py - 122 - INFO - 连接正常！
2024-05-15 19:09:20,471 - wifiMonitorLogger - auto.py - 98 - INFO - 检测开始...
2024-05-15 19:09:21,831 - wifiMonitorLogger - auto.py - 122 - INFO - 连接正常！
2024-05-15 19:10:20,511 - wifiMonitorLogger - auto.py - 98 - INFO - 检测开始...
2024-05-15 19:10:21,914 - wifiMonitorLogger - auto.py - 122 - INFO - 连接正常！
2024-05-15 19:11:20,549 - wifiMonitorLogger - auto.py - 98 - INFO - 检测开始...
2024-05-15 19:11:20,919 - wifiMonitorLogger - auto.py - 122 - INFO - 连接正常！
2024-05-15 19:12:20,585 - wifiMonitorLogger - auto.py - 98 - INFO - 检测开始...
2024-05-15 19:12:20,957 - wifiMonitorLogger - auto.py - 122 - INFO - 连接正常！
2024-05-15 19:13:20,622 - wifiMonitorLogger - auto.py - 98 - INFO - 检测开始...
2024-05-15 19:13:20,982 - wifiMonitorLogger - auto.py - 122 - INFO - 连接正常！
2024-05-15 19:14:20,660 - wifiMonitorLogger - auto.py - 98 - INFO - 检测开始...
2024-05-15 19:14:22,035 - wifiMonitorLogger - auto.py - 122 - INFO - 连接正常！
2024-05-15 19:15:20,699 - wifiMonitorLogger - auto.py - 98 - INFO - 检测开始...
2024-05-15 19:15:21,067 - wifiMonitorLogger - auto.py - 122 - INFO - 连接正常！
2024-05-15 19:16:20,738 - wifiMonitorLogger - auto.py - 98 - INFO - 检测开始...
2024-05-15 19:16:21,106 - wifiMonitorLogger - auto.py - 122 - INFO - 连接正常！
2024-05-15 19:17:20,777 - wifiMonitorLogger - auto.py - 98 - INFO - 检测开始...
2024-05-15 19:17:21,157 - wifiMonitorLogger - auto.py - 122 - INFO - 连接正常！
2024-05-15 19:18:20,820 - wifiMonitorLogger - auto.py - 98 - INFO - 检测开始...
2024-05-15 19:18:21,183 - wifiMonitorLogger - auto.py - 122 - INFO - 连接正常！
2024-05-15 19:19:20,857 - wifiMonitorLogger - auto.py - 98 - INFO - 检测开始...
2024-05-15 19:19:21,270 - wifiMonitorLogger - auto.py - 122 - INFO - 连接正常！
2024-05-15 19:20:20,895 - wifiMonitorLogger - auto.py - 98 - INFO - 检测开始...
2024-05-15 19:20:21,281 - wifiMonitorLogger - auto.py - 122 - INFO - 连接正常！
2024-05-15 19:21:20,938 - wifiMonitorLogger - auto.py - 98 - INFO - 检测开始...
2024-05-15 19:21:21,319 - wifiMonitorLogger - auto.py - 122 - INFO - 连接正常！
2024-05-15 19:22:20,973 - wifiMonitorLogger - auto.py - 98 - INFO - 检测开始...
2024-05-15 19:22:21,345 - wifiMonitorLogger - auto.py - 122 - INFO - 连接正常！
2024-05-15 19:23:21,012 - wifiMonitorLogger - auto.py - 98 - INFO - 检测开始...
2024-05-15 19:23:21,381 - wifiMonitorLogger - auto.py - 122 - INFO - 连接正常！
2024-05-15 19:24:21,049 - wifiMonitorLogger - auto.py - 98 - INFO - 检测开始...
2024-05-15 19:24:21,432 - wifiMonitorLogger - auto.py - 122 - INFO - 连接正常！
2024-05-15 19:25:21,084 - wifiMonitorLogger - auto.py - 98 - INFO - 检测开始...
2024-05-15 19:25:21,464 - wifiMonitorLogger - auto.py - 122 - INFO - 连接正常！
2024-05-15 19:26:21,126 - wifiMonitorLogger - auto.py - 98 - INFO - 检测开始...
2024-05-15 19:26:21,477 - wifiMonitorLogger - auto.py - 122 - INFO - 连接正常！
2024-05-15 19:27:21,167 - wifiMonitorLogger - auto.py - 98 - INFO - 检测开始...
2024-05-15 19:27:21,571 - wifiMonitorLogger - auto.py - 122 - INFO - 连接正常！
2024-05-15 19:28:21,205 - wifiMonitorLogger - auto.py - 98 - INFO - 检测开始...
2024-05-15 19:28:21,551 - wifiMonitorLogger - auto.py - 122 - INFO - 连接正常！
2024-05-15 19:29:21,245 - wifiMonitorLogger - auto.py - 98 - INFO - 检测开始...
2024-05-15 19:29:21,631 - wifiMonitorLogger - auto.py - 122 - INFO - 连接正常！
2024-05-15 19:30:21,285 - wifiMonitorLogger - auto.py - 98 - INFO - 检测开始...
2024-05-15 19:30:21,642 - wifiMonitorLogger - auto.py - 122 - INFO - 连接正常！
2024-05-15 19:31:21,322 - wifiMonitorLogger - auto.py - 98 - INFO - 检测开始...
2024-05-15 19:31:21,684 - wifiMonitorLogger - auto.py - 122 - INFO - 连接正常！
2024-05-15 19:32:21,359 - wifiMonitorLogger - auto.py - 98 - INFO - 检测开始...
2024-05-15 19:32:21,731 - wifiMonitorLogger - auto.py - 122 - INFO - 连接正常！
2024-05-15 19:33:21,396 - wifiMonitorLogger - auto.py - 98 - INFO - 检测开始...
2024-05-15 19:33:22,814 - wifiMonitorLogger - auto.py - 122 - INFO - 连接正常！
2024-05-15 19:34:21,432 - wifiMonitorLogger - auto.py - 98 - INFO - 检测开始...
2024-05-15 19:34:22,833 - wifiMonitorLogger - auto.py - 122 - INFO - 连接正常！
2024-05-15 19:35:21,474 - wifiMonitorLogger - auto.py - 98 - INFO - 检测开始...
2024-05-15 19:35:22,865 - wifiMonitorLogger - auto.py - 122 - INFO - 连接正常！
2024-05-15 19:36:21,510 - wifiMonitorLogger - auto.py - 98 - INFO - 检测开始...
2024-05-15 19:36:21,903 - wifiMonitorLogger - auto.py - 122 - INFO - 连接正常！
2024-05-15 19:37:21,549 - wifiMonitorLogger - auto.py - 98 - INFO - 检测开始...
2024-05-15 19:37:21,949 - wifiMonitorLogger - auto.py - 122 - INFO - 连接正常！
2024-05-15 19:38:21,585 - wifiMonitorLogger - auto.py - 98 - INFO - 检测开始...
2024-05-15 19:38:21,943 - wifiMonitorLogger - auto.py - 122 - INFO - 连接正常！
2024-05-15 19:39:21,625 - wifiMonitorLogger - auto.py - 98 - INFO - 检测开始...
2024-05-15 19:39:23,021 - wifiMonitorLogger - auto.py - 122 - INFO - 连接正常！
2024-05-15 19:40:21,659 - wifiMonitorLogger - auto.py - 98 - INFO - 检测开始...
2024-05-15 19:40:22,041 - wifiMonitorLogger - auto.py - 122 - INFO - 连接正常！
2024-05-15 19:41:21,696 - wifiMonitorLogger - auto.py - 98 - INFO - 检测开始...
2024-05-15 19:41:22,069 - wifiMonitorLogger - auto.py - 122 - INFO - 连接正常！
2024-05-15 19:42:21,736 - wifiMonitorLogger - auto.py - 98 - INFO - 检测开始...
2024-05-15 19:42:22,082 - wifiMonitorLogger - auto.py - 122 - INFO - 连接正常！
2024-05-15 19:43:21,776 - wifiMonitorLogger - auto.py - 98 - INFO - 检测开始...
2024-05-15 19:43:22,151 - wifiMonitorLogger - auto.py - 122 - INFO - 连接正常！
2024-05-15 19:44:21,813 - wifiMonitorLogger - auto.py - 98 - INFO - 检测开始...
2024-05-15 19:44:23,188 - wifiMonitorLogger - auto.py - 122 - INFO - 连接正常！
2024-05-15 19:45:21,848 - wifiMonitorLogger - auto.py - 98 - INFO - 检测开始...
2024-05-15 19:45:22,217 - wifiMonitorLogger - auto.py - 122 - INFO - 连接正常！
2024-05-15 19:46:21,884 - wifiMonitorLogger - auto.py - 98 - INFO - 检测开始...
2024-05-15 19:46:22,239 - wifiMonitorLogger - auto.py - 122 - INFO - 连接正常！
2024-05-15 19:47:21,922 - wifiMonitorLogger - auto.py - 98 - INFO - 检测开始...
2024-05-15 19:47:22,283 - wifiMonitorLogger - auto.py - 122 - INFO - 连接正常！
2024-05-15 19:48:21,961 - wifiMonitorLogger - auto.py - 98 - INFO - 检测开始...
2024-05-15 19:48:22,316 - wifiMonitorLogger - auto.py - 122 - INFO - 连接正常！
2024-05-15 19:49:21,999 - wifiMonitorLogger - auto.py - 98 - INFO - 检测开始...
2024-05-15 19:49:22,401 - wifiMonitorLogger - auto.py - 122 - INFO - 连接正常！
2024-05-15 19:50:22,034 - wifiMonitorLogger - auto.py - 98 - INFO - 检测开始...
2024-05-15 19:50:22,415 - wifiMonitorLogger - auto.py - 122 - INFO - 连接正常！
2024-05-15 19:51:22,075 - wifiMonitorLogger - auto.py - 98 - INFO - 检测开始...
2024-05-15 19:51:22,442 - wifiMonitorLogger - auto.py - 122 - INFO - 连接正常！
2024-05-15 19:52:22,115 - wifiMonitorLogger - auto.py - 98 - INFO - 检测开始...
2024-05-15 19:52:22,521 - wifiMonitorLogger - auto.py - 122 - INFO - 连接正常！
2024-05-15 19:53:22,153 - wifiMonitorLogger - auto.py - 98 - INFO - 检测开始...
2024-05-15 19:53:22,547 - wifiMonitorLogger - auto.py - 122 - INFO - 连接正常！
2024-05-15 19:54:22,193 - wifiMonitorLogger - auto.py - 98 - INFO - 检测开始...
2024-05-15 19:54:22,601 - wifiMonitorLogger - auto.py - 122 - INFO - 连接正常！
2024-05-15 19:55:22,237 - wifiMonitorLogger - auto.py - 98 - INFO - 检测开始...
2024-05-15 19:55:22,612 - wifiMonitorLogger - auto.py - 122 - INFO - 连接正常！
2024-05-15 19:56:22,279 - wifiMonitorLogger - auto.py - 98 - INFO - 检测开始...
2024-05-15 19:56:22,623 - wifiMonitorLogger - auto.py - 122 - INFO - 连接正常！
2024-05-15 19:57:22,318 - wifiMonitorLogger - auto.py - 98 - INFO - 检测开始...
2024-05-15 19:57:22,702 - wifiMonitorLogger - auto.py - 122 - INFO - 连接正常！
2024-05-15 19:58:22,356 - wifiMonitorLogger - auto.py - 98 - INFO - 检测开始...
2024-05-15 19:58:22,778 - wifiMonitorLogger - auto.py - 122 - INFO - 连接正常！
2024-05-15 19:59:22,395 - wifiMonitorLogger - auto.py - 98 - INFO - 检测开始...
2024-05-15 19:59:22,842 - wifiMonitorLogger - auto.py - 122 - INFO - 连接正常！
2024-05-15 20:00:22,432 - wifiMonitorLogger - auto.py - 98 - INFO - 检测开始...
2024-05-15 20:00:22,786 - wifiMonitorLogger - auto.py - 122 - INFO - 连接正常！
2024-05-15 20:01:22,470 - wifiMonitorLogger - auto.py - 98 - INFO - 检测开始...
2024-05-15 20:01:22,829 - wifiMonitorLogger - auto.py - 122 - INFO - 连接正常！
2024-05-15 20:02:22,509 - wifiMonitorLogger - auto.py - 98 - INFO - 检测开始...
2024-05-15 20:02:22,891 - wifiMonitorLogger - auto.py - 122 - INFO - 连接正常！
2024-05-15 20:03:22,554 - wifiMonitorLogger - auto.py - 98 - INFO - 检测开始...
2024-05-15 20:03:22,955 - wifiMonitorLogger - auto.py - 122 - INFO - 连接正常！
2024-05-15 20:04:22,593 - wifiMonitorLogger - auto.py - 98 - INFO - 检测开始...
2024-05-15 20:04:22,987 - wifiMonitorLogger - auto.py - 122 - INFO - 连接正常！
2024-05-15 20:05:22,634 - wifiMonitorLogger - auto.py - 98 - INFO - 检测开始...
2024-05-15 20:05:23,323 - wifiMonitorLogger - auto.py - 122 - INFO - 连接正常！
2024-05-15 20:06:22,675 - wifiMonitorLogger - auto.py - 98 - INFO - 检测开始...
2024-05-15 20:06:23,044 - wifiMonitorLogger - auto.py - 122 - INFO - 连接正常！
2024-05-15 20:07:22,710 - wifiMonitorLogger - auto.py - 98 - INFO - 检测开始...
2024-05-15 20:07:23,100 - wifiMonitorLogger - auto.py - 122 - INFO - 连接正常！
2024-05-15 20:08:22,749 - wifiMonitorLogger - auto.py - 98 - INFO - 检测开始...
2024-05-15 20:08:23,153 - wifiMonitorLogger - auto.py - 122 - INFO - 连接正常！
2024-05-15 20:09:22,789 - wifiMonitorLogger - auto.py - 98 - INFO - 检测开始...
2024-05-15 20:09:23,139 - wifiMonitorLogger - auto.py - 122 - INFO - 连接正常！
2024-05-15 20:10:22,828 - wifiMonitorLogger - auto.py - 98 - INFO - 检测开始...
2024-05-15 20:10:23,214 - wifiMonitorLogger - auto.py - 122 - INFO - 连接正常！
2024-05-15 20:11:22,875 - wifiMonitorLogger - auto.py - 98 - INFO - 检测开始...
2024-05-15 20:11:23,243 - wifiMonitorLogger - auto.py - 122 - INFO - 连接正常！
2024-05-15 20:12:22,911 - wifiMonitorLogger - auto.py - 98 - INFO - 检测开始...
2024-05-15 20:12:23,304 - wifiMonitorLogger - auto.py - 122 - INFO - 连接正常！
2024-05-15 20:13:22,948 - wifiMonitorLogger - auto.py - 98 - INFO - 检测开始...
2024-05-15 20:13:23,387 - wifiMonitorLogger - auto.py - 122 - INFO - 连接正常！
2024-05-15 20:14:22,983 - wifiMonitorLogger - auto.py - 98 - INFO - 检测开始...
2024-05-15 20:14:23,424 - wifiMonitorLogger - auto.py - 122 - INFO - 连接正常！
2024-05-15 20:15:23,020 - wifiMonitorLogger - auto.py - 98 - INFO - 检测开始...
2024-05-15 20:15:23,375 - wifiMonitorLogger - auto.py - 122 - INFO - 连接正常！
2024-05-15 20:16:23,060 - wifiMonitorLogger - auto.py - 98 - INFO - 检测开始...
2024-05-15 20:16:23,436 - wifiMonitorLogger - auto.py - 122 - INFO - 连接正常！
2024-05-15 20:17:23,102 - wifiMonitorLogger - auto.py - 98 - INFO - 检测开始...
2024-05-15 20:17:23,457 - wifiMonitorLogger - auto.py - 122 - INFO - 连接正常！
2024-05-15 20:18:23,145 - wifiMonitorLogger - auto.py - 98 - INFO - 检测开始...
2024-05-15 20:18:24,509 - wifiMonitorLogger - auto.py - 122 - INFO - 连接正常！
2024-05-15 20:19:23,185 - wifiMonitorLogger - auto.py - 98 - INFO - 检测开始...
2024-05-15 20:19:23,536 - wifiMonitorLogger - auto.py - 122 - INFO - 连接正常！
2024-05-15 20:20:23,229 - wifiMonitorLogger - auto.py - 98 - INFO - 检测开始...
2024-05-15 20:20:23,605 - wifiMonitorLogger - auto.py - 122 - INFO - 连接正常！
2024-05-15 20:21:23,271 - wifiMonitorLogger - auto.py - 98 - INFO - 检测开始...
2024-05-15 20:21:23,663 - wifiMonitorLogger - auto.py - 122 - INFO - 连接正常！
2024-05-15 20:22:23,312 - wifiMonitorLogger - auto.py - 98 - INFO - 检测开始...
2024-05-15 20:22:23,668 - wifiMonitorLogger - auto.py - 122 - INFO - 连接正常！
2024-05-15 20:23:23,351 - wifiMonitorLogger - auto.py - 98 - INFO - 检测开始...
2024-05-15 20:23:24,744 - wifiMonitorLogger - auto.py - 122 - INFO - 连接正常！
2024-05-15 20:24:23,388 - wifiMonitorLogger - auto.py - 98 - INFO - 检测开始...
2024-05-15 20:24:23,753 - wifiMonitorLogger - auto.py - 122 - INFO - 连接正常！
2024-05-15 20:25:23,428 - wifiMonitorLogger - auto.py - 98 - INFO - 检测开始...
2024-05-15 20:25:23,814 - wifiMonitorLogger - auto.py - 122 - INFO - 连接正常！
2024-05-15 20:26:23,466 - wifiMonitorLogger - auto.py - 98 - INFO - 检测开始...
2024-05-15 20:26:23,844 - wifiMonitorLogger - auto.py - 122 - INFO - 连接正常！
2024-05-15 20:27:23,506 - wifiMonitorLogger - auto.py - 98 - INFO - 检测开始...
2024-05-15 20:27:24,869 - wifiMonitorLogger - auto.py - 122 - INFO - 连接正常！
2024-05-15 20:28:23,549 - wifiMonitorLogger - auto.py - 98 - INFO - 检测开始...
2024-05-15 20:28:24,920 - wifiMonitorLogger - auto.py - 122 - INFO - 连接正常！
2024-05-15 20:29:23,587 - wifiMonitorLogger - auto.py - 98 - INFO - 检测开始...
2024-05-15 20:29:23,988 - wifiMonitorLogger - auto.py - 122 - INFO - 连接正常！
2024-05-15 20:30:23,626 - wifiMonitorLogger - auto.py - 98 - INFO - 检测开始...
2024-05-15 20:30:23,999 - wifiMonitorLogger - auto.py - 122 - INFO - 连接正常！
2024-05-15 20:31:23,666 - wifiMonitorLogger - auto.py - 98 - INFO - 检测开始...
2024-05-15 20:31:24,086 - wifiMonitorLogger - auto.py - 122 - INFO - 连接正常！
2024-05-15 20:32:23,708 - wifiMonitorLogger - auto.py - 98 - INFO - 检测开始...
2024-05-15 20:32:24,083 - wifiMonitorLogger - auto.py - 122 - INFO - 连接正常！
2024-05-15 20:33:23,744 - wifiMonitorLogger - auto.py - 98 - INFO - 检测开始...
2024-05-15 20:33:24,142 - wifiMonitorLogger - auto.py - 122 - INFO - 连接正常！
2024-05-15 20:34:23,786 - wifiMonitorLogger - auto.py - 98 - INFO - 检测开始...
2024-05-15 20:34:24,174 - wifiMonitorLogger - auto.py - 122 - INFO - 连接正常！
2024-05-15 20:35:23,822 - wifiMonitorLogger - auto.py - 98 - INFO - 检测开始...
2024-05-15 20:35:24,245 - wifiMonitorLogger - auto.py - 122 - INFO - 连接正常！
2024-05-15 20:36:23,857 - wifiMonitorLogger - auto.py - 98 - INFO - 检测开始...
2024-05-15 20:36:24,248 - wifiMonitorLogger - auto.py - 122 - INFO - 连接正常！
2024-05-15 20:37:23,894 - wifiMonitorLogger - auto.py - 98 - INFO - 检测开始...
2024-05-15 20:37:24,239 - wifiMonitorLogger - auto.py - 122 - INFO - 连接正常！
2024-05-15 20:38:23,930 - wifiMonitorLogger - auto.py - 98 - INFO - 检测开始...
2024-05-15 20:38:24,333 - wifiMonitorLogger - auto.py - 122 - INFO - 连接正常！
2024-05-15 20:39:23,967 - wifiMonitorLogger - auto.py - 98 - INFO - 检测开始...
2024-05-15 20:39:24,338 - wifiMonitorLogger - auto.py - 122 - INFO - 连接正常！
2024-05-15 20:40:24,007 - wifiMonitorLogger - auto.py - 98 - INFO - 检测开始...
2024-05-15 20:40:24,352 - wifiMonitorLogger - auto.py - 122 - INFO - 连接正常！
2024-05-15 20:41:24,046 - wifiMonitorLogger - auto.py - 98 - INFO - 检测开始...
2024-05-15 20:41:24,421 - wifiMonitorLogger - auto.py - 122 - INFO - 连接正常！
2024-05-15 20:42:24,084 - wifiMonitorLogger - auto.py - 98 - INFO - 检测开始...
2024-05-15 20:42:24,472 - wifiMonitorLogger - auto.py - 122 - INFO - 连接正常！
2024-05-15 20:43:24,120 - wifiMonitorLogger - auto.py - 98 - INFO - 检测开始...
2024-05-15 20:43:24,563 - wifiMonitorLogger - auto.py - 122 - INFO - 连接正常！
2024-05-15 20:44:24,158 - wifiMonitorLogger - auto.py - 98 - INFO - 检测开始...
2024-05-15 20:44:24,543 - wifiMonitorLogger - auto.py - 122 - INFO - 连接正常！
2024-05-15 20:45:24,196 - wifiMonitorLogger - auto.py - 98 - INFO - 检测开始...
2024-05-15 20:45:24,577 - wifiMonitorLogger - auto.py - 122 - INFO - 连接正常！
2024-05-15 20:46:24,236 - wifiMonitorLogger - auto.py - 98 - INFO - 检测开始...
2024-05-15 20:46:24,695 - wifiMonitorLogger - auto.py - 122 - INFO - 连接正常！
2024-05-15 20:47:24,278 - wifiMonitorLogger - auto.py - 98 - INFO - 检测开始...
2024-05-15 20:47:24,712 - wifiMonitorLogger - auto.py - 122 - INFO - 连接正常！
2024-05-15 20:48:24,318 - wifiMonitorLogger - auto.py - 98 - INFO - 检测开始...
2024-05-15 20:48:24,738 - wifiMonitorLogger - auto.py - 122 - INFO - 连接正常！
2024-05-15 20:49:24,355 - wifiMonitorLogger - auto.py - 98 - INFO - 检测开始...
2024-05-15 20:49:24,761 - wifiMonitorLogger - auto.py - 122 - INFO - 连接正常！
2024-05-15 20:50:24,393 - wifiMonitorLogger - auto.py - 98 - INFO - 检测开始...
2024-05-15 20:50:24,748 - wifiMonitorLogger - auto.py - 122 - INFO - 连接正常！
2024-05-15 20:51:24,431 - wifiMonitorLogger - auto.py - 98 - INFO - 检测开始...
2024-05-15 20:51:24,811 - wifiMonitorLogger - auto.py - 122 - INFO - 连接正常！
2024-05-15 20:52:24,473 - wifiMonitorLogger - auto.py - 98 - INFO - 检测开始...
2024-05-15 20:52:24,839 - wifiMonitorLogger - auto.py - 122 - INFO - 连接正常！
2024-05-15 20:53:24,511 - wifiMonitorLogger - auto.py - 98 - INFO - 检测开始...
2024-05-15 20:53:24,884 - wifiMonitorLogger - auto.py - 122 - INFO - 连接正常！
2024-05-15 20:54:24,547 - wifiMonitorLogger - auto.py - 98 - INFO - 检测开始...
2024-05-15 20:54:24,954 - wifiMonitorLogger - auto.py - 122 - INFO - 连接正常！
2024-05-15 20:55:24,583 - wifiMonitorLogger - auto.py - 98 - INFO - 检测开始...
2024-05-15 20:55:24,996 - wifiMonitorLogger - auto.py - 122 - INFO - 连接正常！
2024-05-15 20:56:24,618 - wifiMonitorLogger - auto.py - 98 - INFO - 检测开始...
2024-05-15 20:56:25,125 - wifiMonitorLogger - auto.py - 122 - INFO - 连接正常！
2024-05-15 20:57:24,655 - wifiMonitorLogger - auto.py - 98 - INFO - 检测开始...
2024-05-15 20:57:25,183 - wifiMonitorLogger - auto.py - 122 - INFO - 连接正常！
2024-05-15 20:58:24,691 - wifiMonitorLogger - auto.py - 98 - INFO - 检测开始...
2024-05-15 20:58:25,048 - wifiMonitorLogger - auto.py - 122 - INFO - 连接正常！
2024-05-15 20:59:24,731 - wifiMonitorLogger - auto.py - 98 - INFO - 检测开始...
2024-05-15 20:59:25,125 - wifiMonitorLogger - auto.py - 122 - INFO - 连接正常！
2024-05-15 21:00:24,769 - wifiMonitorLogger - auto.py - 98 - INFO - 检测开始...
2024-05-15 21:00:25,146 - wifiMonitorLogger - auto.py - 122 - INFO - 连接正常！
2024-05-15 21:01:24,808 - wifiMonitorLogger - auto.py - 98 - INFO - 检测开始...
2024-05-15 21:01:25,172 - wifiMonitorLogger - auto.py - 122 - INFO - 连接正常！
2024-05-15 21:02:24,842 - wifiMonitorLogger - auto.py - 98 - INFO - 检测开始...
2024-05-15 21:02:25,243 - wifiMonitorLogger - auto.py - 122 - INFO - 连接正常！
2024-05-15 21:03:24,888 - wifiMonitorLogger - auto.py - 98 - INFO - 检测开始...
2024-05-15 21:03:25,222 - wifiMonitorLogger - auto.py - 122 - INFO - 连接正常！
2024-05-15 21:04:24,924 - wifiMonitorLogger - auto.py - 98 - INFO - 检测开始...
2024-05-15 21:04:25,302 - wifiMonitorLogger - auto.py - 122 - INFO - 连接正常！
2024-05-15 21:05:24,965 - wifiMonitorLogger - auto.py - 98 - INFO - 检测开始...
2024-05-15 21:05:25,341 - wifiMonitorLogger - auto.py - 122 - INFO - 连接正常！
2024-05-15 21:06:25,001 - wifiMonitorLogger - auto.py - 98 - INFO - 检测开始...
2024-05-15 21:06:25,361 - wifiMonitorLogger - auto.py - 122 - INFO - 连接正常！
2024-05-15 21:07:25,043 - wifiMonitorLogger - auto.py - 98 - INFO - 检测开始...
2024-05-15 21:07:25,451 - wifiMonitorLogger - auto.py - 122 - INFO - 连接正常！
2024-05-15 21:08:25,079 - wifiMonitorLogger - auto.py - 98 - INFO - 检测开始...
2024-05-15 21:08:25,432 - wifiMonitorLogger - auto.py - 122 - INFO - 连接正常！
2024-05-15 21:09:25,115 - wifiMonitorLogger - auto.py - 98 - INFO - 检测开始...
2024-05-15 21:09:25,494 - wifiMonitorLogger - auto.py - 122 - INFO - 连接正常！
2024-05-15 21:10:25,153 - wifiMonitorLogger - auto.py - 98 - INFO - 检测开始...
2024-05-15 21:10:25,559 - wifiMonitorLogger - auto.py - 122 - INFO - 连接正常！
2024-05-15 21:11:25,190 - wifiMonitorLogger - auto.py - 98 - INFO - 检测开始...
2024-05-15 21:11:25,576 - wifiMonitorLogger - auto.py - 122 - INFO - 连接正常！
2024-05-15 21:12:25,227 - wifiMonitorLogger - auto.py - 98 - INFO - 检测开始...
2024-05-15 21:12:25,673 - wifiMonitorLogger - auto.py - 122 - INFO - 连接正常！
2024-05-16 08:51:01,793 - wifiMonitorLogger - auto.py - 98 - INFO - 检测开始...
2024-05-16 08:51:01,795 - wifiMonitorLogger - auto.py - 103 - INFO - 断网重连中...
2024-05-16 08:51:04,811 - wifiMonitorLogger - auto.py - 105 - INFO - 重连成功！
2024-05-16 08:51:09,268 - wifiMonitorLogger - auto.py - 109 - INFO - 未登录WIFI重登中...
2024-05-16 08:51:10,366 - wifiMonitorLogger - auto.py - 93 - INFO - {"success":true,"msg":"logon success","action":"logout","pop":0,"userName":"3997", "location":"http://192.4.1.10/ac_portal/proxy.html?type=logout"}
2024-05-16 08:51:10,366 - wifiMonitorLogger - auto.py - 111 - INFO - 重登完成...
2024-05-16 08:51:11,588 - wifiMonitorLogger - auto.py - 122 - INFO - 连接正常！
2024-05-16 08:52:01,834 - wifiMonitorLogger - auto.py - 98 - INFO - 检测开始...
2024-05-16 08:52:03,233 - wifiMonitorLogger - auto.py - 122 - INFO - 连接正常！
2024-05-16 08:53:01,873 - wifiMonitorLogger - auto.py - 98 - INFO - 检测开始...
2024-05-16 08:53:02,341 - wifiMonitorLogger - auto.py - 122 - INFO - 连接正常！
2024-05-16 08:54:01,915 - wifiMonitorLogger - auto.py - 98 - INFO - 检测开始...
2024-05-16 08:54:02,284 - wifiMonitorLogger - auto.py - 122 - INFO - 连接正常！
2024-05-16 08:55:01,958 - wifiMonitorLogger - auto.py - 98 - INFO - 检测开始...
2024-05-16 08:55:02,353 - wifiMonitorLogger - auto.py - 122 - INFO - 连接正常！
2024-05-16 08:56:02,033 - wifiMonitorLogger - auto.py - 98 - INFO - 检测开始...
2024-05-16 08:56:02,785 - wifiMonitorLogger - auto.py - 122 - INFO - 连接正常！
2024-05-16 08:57:02,076 - wifiMonitorLogger - auto.py - 98 - INFO - 检测开始...
2024-05-16 08:57:02,437 - wifiMonitorLogger - auto.py - 122 - INFO - 连接正常！
2024-05-16 08:58:02,114 - wifiMonitorLogger - auto.py - 98 - INFO - 检测开始...
2024-05-16 08:58:02,486 - wifiMonitorLogger - auto.py - 122 - INFO - 连接正常！
2024-05-16 08:59:02,150 - wifiMonitorLogger - auto.py - 98 - INFO - 检测开始...
2024-05-16 08:59:02,503 - wifiMonitorLogger - auto.py - 122 - INFO - 连接正常！
2024-05-16 09:00:02,189 - wifiMonitorLogger - auto.py - 98 - INFO - 检测开始...
2024-05-16 09:00:17,622 - wifiMonitorLogger - auto.py - 122 - INFO - 连接正常！
2024-05-16 09:01:02,226 - wifiMonitorLogger - auto.py - 98 - INFO - 检测开始...
2024-05-16 09:01:02,598 - wifiMonitorLogger - auto.py - 122 - INFO - 连接正常！
2024-05-16 09:02:02,265 - wifiMonitorLogger - auto.py - 98 - INFO - 检测开始...
2024-05-16 09:02:02,678 - wifiMonitorLogger - auto.py - 122 - INFO - 连接正常！
2024-05-16 09:03:02,309 - wifiMonitorLogger - auto.py - 98 - INFO - 检测开始...
2024-05-16 09:03:02,675 - wifiMonitorLogger - auto.py - 122 - INFO - 连接正常！
2024-05-16 09:04:02,351 - wifiMonitorLogger - auto.py - 98 - INFO - 检测开始...
2024-05-16 09:04:02,745 - wifiMonitorLogger - auto.py - 122 - INFO - 连接正常！
2024-05-16 09:05:02,388 - wifiMonitorLogger - auto.py - 98 - INFO - 检测开始...
2024-05-16 09:05:02,773 - wifiMonitorLogger - auto.py - 122 - INFO - 连接正常！
2024-05-16 09:06:02,472 - wifiMonitorLogger - auto.py - 98 - INFO - 检测开始...
2024-05-16 09:06:02,889 - wifiMonitorLogger - auto.py - 122 - INFO - 连接正常！
2024-05-16 09:07:02,510 - wifiMonitorLogger - auto.py - 98 - INFO - 检测开始...
2024-05-16 09:07:02,876 - wifiMonitorLogger - auto.py - 122 - INFO - 连接正常！
2024-05-16 09:08:02,575 - wifiMonitorLogger - auto.py - 98 - INFO - 检测开始...
2024-05-16 09:08:02,907 - wifiMonitorLogger - auto.py - 122 - INFO - 连接正常！
2024-05-16 09:09:02,617 - wifiMonitorLogger - auto.py - 98 - INFO - 检测开始...
2024-05-16 09:09:02,984 - wifiMonitorLogger - auto.py - 122 - INFO - 连接正常！
2024-05-16 09:10:02,656 - wifiMonitorLogger - auto.py - 98 - INFO - 检测开始...
2024-05-16 09:10:03,084 - wifiMonitorLogger - auto.py - 122 - INFO - 连接正常！
2024-05-16 09:11:02,709 - wifiMonitorLogger - auto.py - 98 - INFO - 检测开始...
2024-05-16 09:11:03,116 - wifiMonitorLogger - auto.py - 122 - INFO - 连接正常！
2024-05-16 09:12:02,751 - wifiMonitorLogger - auto.py - 98 - INFO - 检测开始...
2024-05-16 09:12:03,152 - wifiMonitorLogger - auto.py - 122 - INFO - 连接正常！
2024-05-16 09:13:02,810 - wifiMonitorLogger - auto.py - 98 - INFO - 检测开始...
2024-05-16 09:13:03,206 - wifiMonitorLogger - auto.py - 122 - INFO - 连接正常！
2024-05-16 09:14:02,849 - wifiMonitorLogger - auto.py - 98 - INFO - 检测开始...
2024-05-16 09:14:03,200 - wifiMonitorLogger - auto.py - 122 - INFO - 连接正常！
2024-05-16 09:15:02,892 - wifiMonitorLogger - auto.py - 98 - INFO - 检测开始...
2024-05-16 09:15:03,339 - wifiMonitorLogger - auto.py - 122 - INFO - 连接正常！
2024-05-16 09:16:02,927 - wifiMonitorLogger - auto.py - 98 - INFO - 检测开始...
2024-05-16 09:16:03,296 - wifiMonitorLogger - auto.py - 122 - INFO - 连接正常！
2024-05-16 09:17:02,962 - wifiMonitorLogger - auto.py - 98 - INFO - 检测开始...
2024-05-16 09:17:03,334 - wifiMonitorLogger - auto.py - 122 - INFO - 连接正常！
2024-05-16 09:18:03,004 - wifiMonitorLogger - auto.py - 98 - INFO - 检测开始...
2024-05-16 09:18:03,396 - wifiMonitorLogger - auto.py - 122 - INFO - 连接正常！
2024-05-16 09:19:03,042 - wifiMonitorLogger - auto.py - 98 - INFO - 检测开始...
2024-05-16 09:19:03,411 - wifiMonitorLogger - auto.py - 122 - INFO - 连接正常！
2024-05-16 09:20:03,082 - wifiMonitorLogger - auto.py - 98 - INFO - 检测开始...
2024-05-16 09:20:04,503 - wifiMonitorLogger - auto.py - 122 - INFO - 连接正常！
2024-05-16 09:21:03,120 - wifiMonitorLogger - auto.py - 98 - INFO - 检测开始...
2024-05-16 09:21:03,501 - wifiMonitorLogger - auto.py - 122 - INFO - 连接正常！
2024-05-16 09:22:03,760 - wifiMonitorLogger - auto.py - 98 - INFO - 检测开始...
2024-05-16 09:22:04,228 - wifiMonitorLogger - auto.py - 122 - INFO - 连接正常！
2024-05-16 09:23:04,208 - wifiMonitorLogger - auto.py - 98 - INFO - 检测开始...
2024-05-16 09:23:06,676 - wifiMonitorLogger - auto.py - 122 - INFO - 连接正常！
2024-05-16 09:24:05,149 - wifiMonitorLogger - auto.py - 98 - INFO - 检测开始...
2024-05-16 09:24:06,272 - wifiMonitorLogger - auto.py - 122 - INFO - 连接正常！
2024-05-16 09:25:05,349 - wifiMonitorLogger - auto.py - 98 - INFO - 检测开始...
2024-05-16 09:25:06,208 - wifiMonitorLogger - auto.py - 122 - INFO - 连接正常！
2024-05-16 09:26:05,416 - wifiMonitorLogger - auto.py - 98 - INFO - 检测开始...
2024-05-16 09:26:06,582 - wifiMonitorLogger - auto.py - 122 - INFO - 连接正常！
2024-05-16 09:27:05,984 - wifiMonitorLogger - auto.py - 98 - INFO - 检测开始...
2024-05-16 09:27:07,169 - wifiMonitorLogger - auto.py - 122 - INFO - 连接正常！
2024-05-16 09:28:06,254 - wifiMonitorLogger - auto.py - 98 - INFO - 检测开始...
2024-05-16 09:28:07,008 - wifiMonitorLogger - auto.py - 122 - INFO - 连接正常！
2024-05-16 09:29:06,393 - wifiMonitorLogger - auto.py - 98 - INFO - 检测开始...
2024-05-16 09:29:06,994 - wifiMonitorLogger - auto.py - 122 - INFO - 连接正常！
2024-05-16 09:30:06,530 - wifiMonitorLogger - auto.py - 98 - INFO - 检测开始...
2024-05-16 09:30:07,376 - wifiMonitorLogger - auto.py - 122 - INFO - 连接正常！
2024-05-16 09:31:06,607 - wifiMonitorLogger - auto.py - 98 - INFO - 检测开始...
2024-05-16 09:31:07,243 - wifiMonitorLogger - auto.py - 122 - INFO - 连接正常！
2024-05-16 09:32:06,736 - wifiMonitorLogger - auto.py - 98 - INFO - 检测开始...
2024-05-16 09:32:07,182 - wifiMonitorLogger - auto.py - 122 - INFO - 连接正常！
2024-05-16 09:33:06,791 - wifiMonitorLogger - auto.py - 98 - INFO - 检测开始...
2024-05-16 09:33:07,383 - wifiMonitorLogger - auto.py - 122 - INFO - 连接正常！
2024-05-16 09:34:06,910 - wifiMonitorLogger - auto.py - 98 - INFO - 检测开始...
2024-05-16 09:34:07,521 - wifiMonitorLogger - auto.py - 122 - INFO - 连接正常！
2024-05-16 09:35:06,952 - wifiMonitorLogger - auto.py - 98 - INFO - 检测开始...
2024-05-16 09:35:07,369 - wifiMonitorLogger - auto.py - 122 - INFO - 连接正常！
2024-05-16 09:36:06,985 - wifiMonitorLogger - auto.py - 98 - INFO - 检测开始...
2024-05-16 09:36:07,363 - wifiMonitorLogger - auto.py - 122 - INFO - 连接正常！
2024-05-16 09:37:07,025 - wifiMonitorLogger - auto.py - 98 - INFO - 检测开始...
2024-05-16 09:37:07,434 - wifiMonitorLogger - auto.py - 122 - INFO - 连接正常！
2024-05-16 09:38:07,063 - wifiMonitorLogger - auto.py - 98 - INFO - 检测开始...
2024-05-16 09:38:07,581 - wifiMonitorLogger - auto.py - 122 - INFO - 连接正常！
2024-05-16 09:39:07,101 - wifiMonitorLogger - auto.py - 98 - INFO - 检测开始...
2024-05-16 09:39:07,482 - wifiMonitorLogger - auto.py - 122 - INFO - 连接正常！
2024-05-16 09:40:07,142 - wifiMonitorLogger - auto.py - 98 - INFO - 检测开始...
2024-05-16 09:40:07,574 - wifiMonitorLogger - auto.py - 122 - INFO - 连接正常！
2024-05-16 09:41:07,180 - wifiMonitorLogger - auto.py - 98 - INFO - 检测开始...
2024-05-16 09:41:07,594 - wifiMonitorLogger - auto.py - 122 - INFO - 连接正常！
2024-05-16 09:42:07,218 - wifiMonitorLogger - auto.py - 98 - INFO - 检测开始...
2024-05-16 09:42:07,609 - wifiMonitorLogger - auto.py - 122 - INFO - 连接正常！
2024-05-16 09:43:07,254 - wifiMonitorLogger - auto.py - 98 - INFO - 检测开始...
2024-05-16 09:43:07,606 - wifiMonitorLogger - auto.py - 122 - INFO - 连接正常！
2024-05-16 09:44:07,367 - wifiMonitorLogger - auto.py - 98 - INFO - 检测开始...
2024-05-16 09:44:07,780 - wifiMonitorLogger - auto.py - 122 - INFO - 连接正常！
2024-05-16 09:45:07,410 - wifiMonitorLogger - auto.py - 98 - INFO - 检测开始...
2024-05-16 09:45:07,846 - wifiMonitorLogger - auto.py - 122 - INFO - 连接正常！
2024-05-16 09:46:07,463 - wifiMonitorLogger - auto.py - 98 - INFO - 检测开始...
2024-05-16 09:46:07,934 - wifiMonitorLogger - auto.py - 122 - INFO - 连接正常！
2024-05-16 09:47:07,518 - wifiMonitorLogger - auto.py - 98 - INFO - 检测开始...
2024-05-16 09:47:08,181 - wifiMonitorLogger - auto.py - 122 - INFO - 连接正常！
2024-05-16 09:48:07,556 - wifiMonitorLogger - auto.py - 98 - INFO - 检测开始...
2024-05-16 09:48:07,987 - wifiMonitorLogger - auto.py - 122 - INFO - 连接正常！
2024-05-16 09:49:07,607 - wifiMonitorLogger - auto.py - 98 - INFO - 检测开始...
2024-05-16 09:49:07,980 - wifiMonitorLogger - auto.py - 122 - INFO - 连接正常！
2024-05-16 09:50:07,682 - wifiMonitorLogger - auto.py - 98 - INFO - 检测开始...
2024-05-16 09:50:08,645 - wifiMonitorLogger - auto.py - 122 - INFO - 连接正常！
2024-05-16 09:51:07,843 - wifiMonitorLogger - auto.py - 98 - INFO - 检测开始...
2024-05-16 09:51:08,257 - wifiMonitorLogger - auto.py - 122 - INFO - 连接正常！
2024-05-16 09:52:07,882 - wifiMonitorLogger - auto.py - 98 - INFO - 检测开始...
2024-05-16 09:52:08,272 - wifiMonitorLogger - auto.py - 122 - INFO - 连接正常！
2024-05-16 09:53:07,916 - wifiMonitorLogger - auto.py - 98 - INFO - 检测开始...
2024-05-16 09:53:08,339 - wifiMonitorLogger - auto.py - 122 - INFO - 连接正常！
2024-05-16 09:54:07,949 - wifiMonitorLogger - auto.py - 98 - INFO - 检测开始...
2024-05-16 09:54:08,373 - wifiMonitorLogger - auto.py - 122 - INFO - 连接正常！
2024-05-16 09:55:07,988 - wifiMonitorLogger - auto.py - 98 - INFO - 检测开始...
2024-05-16 09:55:08,402 - wifiMonitorLogger - auto.py - 122 - INFO - 连接正常！
2024-05-16 09:56:08,031 - wifiMonitorLogger - auto.py - 98 - INFO - 检测开始...
2024-05-16 09:56:08,399 - wifiMonitorLogger - auto.py - 122 - INFO - 连接正常！
2024-05-16 09:57:08,094 - wifiMonitorLogger - auto.py - 98 - INFO - 检测开始...
2024-05-16 09:57:08,459 - wifiMonitorLogger - auto.py - 122 - INFO - 连接正常！
2024-05-16 09:58:08,162 - wifiMonitorLogger - auto.py - 98 - INFO - 检测开始...
2024-05-16 09:58:09,295 - wifiMonitorLogger - auto.py - 122 - INFO - 连接正常！
2024-05-16 09:59:08,299 - wifiMonitorLogger - auto.py - 98 - INFO - 检测开始...
2024-05-16 09:59:09,148 - wifiMonitorLogger - auto.py - 122 - INFO - 连接正常！
2024-05-16 10:00:08,444 - wifiMonitorLogger - auto.py - 98 - INFO - 检测开始...
2024-05-16 10:00:09,883 - wifiMonitorLogger - auto.py - 122 - INFO - 连接正常！
2024-05-16 10:01:09,257 - wifiMonitorLogger - auto.py - 98 - INFO - 检测开始...
2024-05-16 10:01:10,028 - wifiMonitorLogger - auto.py - 122 - INFO - 连接正常！
2024-05-16 10:02:09,517 - wifiMonitorLogger - auto.py - 98 - INFO - 检测开始...
2024-05-16 10:02:10,321 - wifiMonitorLogger - auto.py - 122 - INFO - 连接正常！
2024-05-16 10:03:09,754 - wifiMonitorLogger - auto.py - 98 - INFO - 检测开始...
2024-05-16 10:03:10,693 - wifiMonitorLogger - auto.py - 122 - INFO - 连接正常！
2024-05-16 10:04:09,805 - wifiMonitorLogger - auto.py - 98 - INFO - 检测开始...
2024-05-16 10:04:10,384 - wifiMonitorLogger - auto.py - 122 - INFO - 连接正常！
2024-05-16 10:05:09,889 - wifiMonitorLogger - auto.py - 98 - INFO - 检测开始...
2024-05-16 10:05:10,749 - wifiMonitorLogger - auto.py - 122 - INFO - 连接正常！
2024-05-16 10:06:09,942 - wifiMonitorLogger - auto.py - 98 - INFO - 检测开始...
2024-05-16 10:06:10,337 - wifiMonitorLogger - auto.py - 122 - INFO - 连接正常！
2024-05-16 10:07:09,982 - wifiMonitorLogger - auto.py - 98 - INFO - 检测开始...
2024-05-16 10:07:10,362 - wifiMonitorLogger - auto.py - 122 - INFO - 连接正常！
2024-05-16 10:08:10,021 - wifiMonitorLogger - auto.py - 98 - INFO - 检测开始...
2024-05-16 10:08:10,401 - wifiMonitorLogger - auto.py - 122 - INFO - 连接正常！
2024-05-16 10:09:10,123 - wifiMonitorLogger - auto.py - 98 - INFO - 检测开始...
2024-05-16 10:09:10,574 - wifiMonitorLogger - auto.py - 122 - INFO - 连接正常！
2024-05-16 10:10:10,159 - wifiMonitorLogger - auto.py - 98 - INFO - 检测开始...
2024-05-16 10:10:10,549 - wifiMonitorLogger - auto.py - 122 - INFO - 连接正常！
2024-05-16 10:11:10,195 - wifiMonitorLogger - auto.py - 98 - INFO - 检测开始...
2024-05-16 10:11:10,578 - wifiMonitorLogger - auto.py - 122 - INFO - 连接正常！
2024-05-16 10:12:10,232 - wifiMonitorLogger - auto.py - 98 - INFO - 检测开始...
2024-05-16 10:12:10,606 - wifiMonitorLogger - auto.py - 122 - INFO - 连接正常！
2024-05-16 10:13:10,268 - wifiMonitorLogger - auto.py - 98 - INFO - 检测开始...
2024-05-16 10:13:10,649 - wifiMonitorLogger - auto.py - 122 - INFO - 连接正常！
2024-05-16 10:14:10,304 - wifiMonitorLogger - auto.py - 98 - INFO - 检测开始...
2024-05-16 10:14:10,714 - wifiMonitorLogger - auto.py - 122 - INFO - 连接正常！
2024-05-16 10:15:10,341 - wifiMonitorLogger - auto.py - 98 - INFO - 检测开始...
2024-05-16 10:15:10,793 - wifiMonitorLogger - auto.py - 122 - INFO - 连接正常！
2024-05-16 10:16:10,387 - wifiMonitorLogger - auto.py - 98 - INFO - 检测开始...
2024-05-16 10:16:10,956 - wifiMonitorLogger - auto.py - 122 - INFO - 连接正常！
2024-05-16 10:17:10,460 - wifiMonitorLogger - auto.py - 98 - INFO - 检测开始...
2024-05-16 10:17:11,120 - wifiMonitorLogger - auto.py - 122 - INFO - 连接正常！
2024-05-16 10:18:10,603 - wifiMonitorLogger - auto.py - 98 - INFO - 检测开始...
2024-05-16 10:18:11,059 - wifiMonitorLogger - auto.py - 122 - INFO - 连接正常！
2024-05-16 10:19:11,368 - wifiMonitorLogger - auto.py - 98 - INFO - 检测开始...
2024-05-16 10:19:12,617 - wifiMonitorLogger - auto.py - 122 - INFO - 连接正常！
2024-05-16 10:20:11,975 - wifiMonitorLogger - auto.py - 98 - INFO - 检测开始...
2024-05-16 10:20:12,876 - wifiMonitorLogger - auto.py - 122 - INFO - 连接正常！
2024-05-16 10:21:12,046 - wifiMonitorLogger - auto.py - 98 - INFO - 检测开始...
2024-05-16 10:21:12,787 - wifiMonitorLogger - auto.py - 122 - INFO - 连接正常！
2024-05-16 10:22:12,240 - wifiMonitorLogger - auto.py - 98 - INFO - 检测开始...
2024-05-16 10:22:12,829 - wifiMonitorLogger - auto.py - 122 - INFO - 连接正常！
2024-05-16 10:23:12,297 - wifiMonitorLogger - auto.py - 98 - INFO - 检测开始...
2024-05-16 10:23:12,965 - wifiMonitorLogger - auto.py - 122 - INFO - 连接正常！
2024-05-16 10:24:12,337 - wifiMonitorLogger - auto.py - 98 - INFO - 检测开始...
2024-05-16 10:24:13,044 - wifiMonitorLogger - auto.py - 122 - INFO - 连接正常！
2024-05-16 10:25:12,380 - wifiMonitorLogger - auto.py - 98 - INFO - 检测开始...
2024-05-16 10:25:13,238 - wifiMonitorLogger - auto.py - 122 - INFO - 连接正常！
2024-05-16 10:26:12,428 - wifiMonitorLogger - auto.py - 98 - INFO - 检测开始...
2024-05-16 10:26:12,862 - wifiMonitorLogger - auto.py - 122 - INFO - 连接正常！
2024-05-16 10:27:12,470 - wifiMonitorLogger - auto.py - 98 - INFO - 检测开始...
2024-05-16 10:27:12,848 - wifiMonitorLogger - auto.py - 122 - INFO - 连接正常！
2024-05-16 10:28:12,512 - wifiMonitorLogger - auto.py - 98 - INFO - 检测开始...
2024-05-16 10:28:12,896 - wifiMonitorLogger - auto.py - 122 - INFO - 连接正常！
2024-05-16 10:29:12,665 - wifiMonitorLogger - auto.py - 98 - INFO - 检测开始...
2024-05-16 10:29:13,083 - wifiMonitorLogger - auto.py - 122 - INFO - 连接正常！
2024-05-16 10:30:12,704 - wifiMonitorLogger - auto.py - 98 - INFO - 检测开始...
2024-05-16 10:30:13,099 - wifiMonitorLogger - auto.py - 122 - INFO - 连接正常！
2024-05-16 10:31:12,746 - wifiMonitorLogger - auto.py - 98 - INFO - 检测开始...
2024-05-16 10:31:13,143 - wifiMonitorLogger - auto.py - 122 - INFO - 连接正常！
2024-05-16 10:32:12,784 - wifiMonitorLogger - auto.py - 98 - INFO - 检测开始...
2024-05-16 10:32:13,216 - wifiMonitorLogger - auto.py - 122 - INFO - 连接正常！
2024-05-16 10:33:12,821 - wifiMonitorLogger - auto.py - 98 - INFO - 检测开始...
2024-05-16 10:33:13,194 - wifiMonitorLogger - auto.py - 122 - INFO - 连接正常！
2024-05-16 10:34:12,854 - wifiMonitorLogger - auto.py - 98 - INFO - 检测开始...
2024-05-16 10:34:13,300 - wifiMonitorLogger - auto.py - 122 - INFO - 连接正常！
2024-05-16 10:35:12,894 - wifiMonitorLogger - auto.py - 98 - INFO - 检测开始...
2024-05-16 10:35:13,328 - wifiMonitorLogger - auto.py - 122 - INFO - 连接正常！
2024-05-16 10:36:12,933 - wifiMonitorLogger - auto.py - 98 - INFO - 检测开始...
2024-05-16 10:36:13,368 - wifiMonitorLogger - auto.py - 122 - INFO - 连接正常！
2024-05-16 10:37:12,970 - wifiMonitorLogger - auto.py - 98 - INFO - 检测开始...
2024-05-16 10:37:13,345 - wifiMonitorLogger - auto.py - 122 - INFO - 连接正常！
2024-05-16 10:38:13,018 - wifiMonitorLogger - auto.py - 98 - INFO - 检测开始...
2024-05-16 10:38:13,396 - wifiMonitorLogger - auto.py - 122 - INFO - 连接正常！
2024-05-16 10:39:13,057 - wifiMonitorLogger - auto.py - 98 - INFO - 检测开始...
2024-05-16 10:39:13,516 - wifiMonitorLogger - auto.py - 122 - INFO - 连接正常！
2024-05-16 10:40:13,098 - wifiMonitorLogger - auto.py - 98 - INFO - 检测开始...
2024-05-16 10:40:13,598 - wifiMonitorLogger - auto.py - 122 - INFO - 连接正常！
2024-05-16 10:41:13,132 - wifiMonitorLogger - auto.py - 98 - INFO - 检测开始...
2024-05-16 10:41:13,663 - wifiMonitorLogger - auto.py - 122 - INFO - 连接正常！
2024-05-16 10:42:13,167 - wifiMonitorLogger - auto.py - 98 - INFO - 检测开始...
2024-05-16 10:42:13,620 - wifiMonitorLogger - auto.py - 122 - INFO - 连接正常！
2024-05-16 10:43:13,205 - wifiMonitorLogger - auto.py - 98 - INFO - 检测开始...
2024-05-16 10:43:13,661 - wifiMonitorLogger - auto.py - 122 - INFO - 连接正常！
2024-05-16 10:44:13,241 - wifiMonitorLogger - auto.py - 98 - INFO - 检测开始...
2024-05-16 10:44:13,609 - wifiMonitorLogger - auto.py - 122 - INFO - 连接正常！
2024-05-16 10:45:13,279 - wifiMonitorLogger - auto.py - 98 - INFO - 检测开始...
2024-05-16 10:45:13,636 - wifiMonitorLogger - auto.py - 122 - INFO - 连接正常！
2024-05-16 10:46:13,325 - wifiMonitorLogger - auto.py - 98 - INFO - 检测开始...
2024-05-16 10:46:13,717 - wifiMonitorLogger - auto.py - 122 - INFO - 连接正常！
2024-05-16 10:47:13,368 - wifiMonitorLogger - auto.py - 98 - INFO - 检测开始...
2024-05-16 10:47:13,774 - wifiMonitorLogger - auto.py - 122 - INFO - 连接正常！
2024-05-16 10:48:13,404 - wifiMonitorLogger - auto.py - 98 - INFO - 检测开始...
2024-05-16 10:48:13,858 - wifiMonitorLogger - auto.py - 122 - INFO - 连接正常！
2024-05-16 10:49:13,443 - wifiMonitorLogger - auto.py - 98 - INFO - 检测开始...
2024-05-16 10:49:13,869 - wifiMonitorLogger - auto.py - 122 - INFO - 连接正常！
2024-05-16 10:50:13,478 - wifiMonitorLogger - auto.py - 98 - INFO - 检测开始...
2024-05-16 10:50:13,900 - wifiMonitorLogger - auto.py - 122 - INFO - 连接正常！
2024-05-16 10:51:13,518 - wifiMonitorLogger - auto.py - 98 - INFO - 检测开始...
2024-05-16 10:51:13,934 - wifiMonitorLogger - auto.py - 122 - INFO - 连接正常！
2024-05-16 10:52:13,558 - wifiMonitorLogger - auto.py - 98 - INFO - 检测开始...
2024-05-16 10:52:14,046 - wifiMonitorLogger - auto.py - 122 - INFO - 连接正常！
2024-05-16 10:53:13,601 - wifiMonitorLogger - auto.py - 98 - INFO - 检测开始...
2024-05-16 10:53:14,066 - wifiMonitorLogger - auto.py - 122 - INFO - 连接正常！
2024-05-16 10:54:13,648 - wifiMonitorLogger - auto.py - 98 - INFO - 检测开始...
2024-05-16 10:54:14,087 - wifiMonitorLogger - auto.py - 122 - INFO - 连接正常！
2024-05-16 10:55:13,714 - wifiMonitorLogger - auto.py - 98 - INFO - 检测开始...
2024-05-16 10:55:14,523 - wifiMonitorLogger - auto.py - 122 - INFO - 连接正常！
2024-05-16 10:56:13,889 - wifiMonitorLogger - auto.py - 98 - INFO - 检测开始...
2024-05-16 10:56:14,656 - wifiMonitorLogger - auto.py - 122 - INFO - 连接正常！
2024-05-16 10:57:14,051 - wifiMonitorLogger - auto.py - 98 - INFO - 检测开始...
2024-05-16 10:57:14,646 - wifiMonitorLogger - auto.py - 122 - INFO - 连接正常！
2024-05-16 10:58:14,112 - wifiMonitorLogger - auto.py - 98 - INFO - 检测开始...
2024-05-16 10:58:14,745 - wifiMonitorLogger - auto.py - 122 - INFO - 连接正常！
2024-05-16 10:59:14,161 - wifiMonitorLogger - auto.py - 98 - INFO - 检测开始...
2024-05-16 10:59:14,972 - wifiMonitorLogger - auto.py - 122 - INFO - 连接正常！
2024-05-16 11:00:14,248 - wifiMonitorLogger - auto.py - 98 - INFO - 检测开始...
2024-05-16 11:00:14,641 - wifiMonitorLogger - auto.py - 122 - INFO - 连接正常！
2024-05-16 11:01:14,286 - wifiMonitorLogger - auto.py - 98 - INFO - 检测开始...
2024-05-16 11:01:14,657 - wifiMonitorLogger - auto.py - 122 - INFO - 连接正常！
2024-05-16 11:02:14,328 - wifiMonitorLogger - auto.py - 98 - INFO - 检测开始...
2024-05-16 11:02:14,750 - wifiMonitorLogger - auto.py - 122 - INFO - 连接正常！
2024-05-16 11:03:14,364 - wifiMonitorLogger - auto.py - 98 - INFO - 检测开始...
2024-05-16 11:03:14,778 - wifiMonitorLogger - auto.py - 122 - INFO - 连接正常！
2024-05-16 11:04:14,398 - wifiMonitorLogger - auto.py - 98 - INFO - 检测开始...
2024-05-16 11:04:14,771 - wifiMonitorLogger - auto.py - 122 - INFO - 连接正常！
2024-05-16 11:05:14,437 - wifiMonitorLogger - auto.py - 98 - INFO - 检测开始...
2024-05-16 11:05:14,865 - wifiMonitorLogger - auto.py - 122 - INFO - 连接正常！
2024-05-16 11:06:14,473 - wifiMonitorLogger - auto.py - 98 - INFO - 检测开始...
2024-05-16 11:06:14,869 - wifiMonitorLogger - auto.py - 122 - INFO - 连接正常！
2024-05-16 11:07:14,512 - wifiMonitorLogger - auto.py - 98 - INFO - 检测开始...
2024-05-16 11:07:14,920 - wifiMonitorLogger - auto.py - 122 - INFO - 连接正常！
2024-05-16 11:08:14,556 - wifiMonitorLogger - auto.py - 98 - INFO - 检测开始...
2024-05-16 11:08:15,010 - wifiMonitorLogger - auto.py - 122 - INFO - 连接正常！
2024-05-16 11:09:14,594 - wifiMonitorLogger - auto.py - 98 - INFO - 检测开始...
2024-05-16 11:09:15,019 - wifiMonitorLogger - auto.py - 122 - INFO - 连接正常！
2024-05-16 11:10:14,637 - wifiMonitorLogger - auto.py - 98 - INFO - 检测开始...
2024-05-16 11:10:14,992 - wifiMonitorLogger - auto.py - 122 - INFO - 连接正常！
2024-05-16 11:11:14,673 - wifiMonitorLogger - auto.py - 98 - INFO - 检测开始...
2024-05-16 11:11:15,083 - wifiMonitorLogger - auto.py - 122 - INFO - 连接正常！
2024-05-16 11:12:14,710 - wifiMonitorLogger - auto.py - 98 - INFO - 检测开始...
2024-05-16 11:12:15,149 - wifiMonitorLogger - auto.py - 122 - INFO - 连接正常！
2024-05-16 11:13:14,749 - wifiMonitorLogger - auto.py - 98 - INFO - 检测开始...
2024-05-16 11:13:15,171 - wifiMonitorLogger - auto.py - 122 - INFO - 连接正常！
2024-05-16 11:14:14,784 - wifiMonitorLogger - auto.py - 98 - INFO - 检测开始...
2024-05-16 11:14:15,186 - wifiMonitorLogger - auto.py - 122 - INFO - 连接正常！
2024-05-16 11:15:14,823 - wifiMonitorLogger - auto.py - 98 - INFO - 检测开始...
2024-05-16 11:15:15,208 - wifiMonitorLogger - auto.py - 122 - INFO - 连接正常！
2024-05-16 11:16:14,864 - wifiMonitorLogger - auto.py - 98 - INFO - 检测开始...
2024-05-16 11:16:15,259 - wifiMonitorLogger - auto.py - 122 - INFO - 连接正常！
2024-05-16 11:17:14,904 - wifiMonitorLogger - auto.py - 98 - INFO - 检测开始...
2024-05-16 11:17:15,364 - wifiMonitorLogger - auto.py - 122 - INFO - 连接正常！
2024-05-16 11:18:14,941 - wifiMonitorLogger - auto.py - 98 - INFO - 检测开始...
2024-05-16 11:18:15,367 - wifiMonitorLogger - auto.py - 122 - INFO - 连接正常！
2024-05-16 11:19:14,986 - wifiMonitorLogger - auto.py - 98 - INFO - 检测开始...
2024-05-16 11:19:15,435 - wifiMonitorLogger - auto.py - 122 - INFO - 连接正常！
2024-05-16 11:20:15,027 - wifiMonitorLogger - auto.py - 98 - INFO - 检测开始...
2024-05-16 11:20:15,469 - wifiMonitorLogger - auto.py - 122 - INFO - 连接正常！
2024-05-16 11:21:15,066 - wifiMonitorLogger - auto.py - 98 - INFO - 检测开始...
2024-05-16 11:21:15,514 - wifiMonitorLogger - auto.py - 122 - INFO - 连接正常！
2024-05-16 11:22:15,127 - wifiMonitorLogger - auto.py - 98 - INFO - 检测开始...
2024-05-16 11:22:15,502 - wifiMonitorLogger - auto.py - 122 - INFO - 连接正常！
2024-05-16 11:23:15,167 - wifiMonitorLogger - auto.py - 98 - INFO - 检测开始...
2024-05-16 11:23:15,598 - wifiMonitorLogger - auto.py - 122 - INFO - 连接正常！
2024-05-16 11:24:15,202 - wifiMonitorLogger - auto.py - 98 - INFO - 检测开始...
2024-05-16 11:24:15,656 - wifiMonitorLogger - auto.py - 122 - INFO - 连接正常！
2024-05-16 11:25:15,242 - wifiMonitorLogger - auto.py - 98 - INFO - 检测开始...
2024-05-16 11:25:15,703 - wifiMonitorLogger - auto.py - 122 - INFO - 连接正常！
2024-05-16 11:26:15,284 - wifiMonitorLogger - auto.py - 98 - INFO - 检测开始...
2024-05-16 11:26:15,708 - wifiMonitorLogger - auto.py - 122 - INFO - 连接正常！
2024-05-16 11:27:15,320 - wifiMonitorLogger - auto.py - 98 - INFO - 检测开始...
2024-05-16 11:27:15,720 - wifiMonitorLogger - auto.py - 122 - INFO - 连接正常！
2024-05-16 11:28:15,355 - wifiMonitorLogger - auto.py - 98 - INFO - 检测开始...
2024-05-16 11:28:15,818 - wifiMonitorLogger - auto.py - 122 - INFO - 连接正常！
2024-05-16 11:29:15,390 - wifiMonitorLogger - auto.py - 98 - INFO - 检测开始...
2024-05-16 11:29:15,816 - wifiMonitorLogger - auto.py - 122 - INFO - 连接正常！
2024-05-16 11:30:15,428 - wifiMonitorLogger - auto.py - 98 - INFO - 检测开始...
2024-05-16 11:30:15,937 - wifiMonitorLogger - auto.py - 122 - INFO - 连接正常！
2024-05-16 11:31:15,466 - wifiMonitorLogger - auto.py - 98 - INFO - 检测开始...
2024-05-16 11:31:15,872 - wifiMonitorLogger - auto.py - 122 - INFO - 连接正常！
2024-05-16 11:32:15,501 - wifiMonitorLogger - auto.py - 98 - INFO - 检测开始...
2024-05-16 11:32:15,924 - wifiMonitorLogger - auto.py - 122 - INFO - 连接正常！
2024-05-16 11:33:15,535 - wifiMonitorLogger - auto.py - 98 - INFO - 检测开始...
2024-05-16 11:33:15,964 - wifiMonitorLogger - auto.py - 122 - INFO - 连接正常！
2024-05-16 11:34:15,569 - wifiMonitorLogger - auto.py - 98 - INFO - 检测开始...
2024-05-16 11:34:15,988 - wifiMonitorLogger - auto.py - 122 - INFO - 连接正常！
2024-05-16 11:35:15,608 - wifiMonitorLogger - auto.py - 98 - INFO - 检测开始...
2024-05-16 11:35:16,055 - wifiMonitorLogger - auto.py - 122 - INFO - 连接正常！
2024-05-16 11:36:15,648 - wifiMonitorLogger - auto.py - 98 - INFO - 检测开始...
2024-05-16 11:36:16,077 - wifiMonitorLogger - auto.py - 122 - INFO - 连接正常！
2024-05-16 11:37:15,682 - wifiMonitorLogger - auto.py - 98 - INFO - 检测开始...
2024-05-16 11:37:16,127 - wifiMonitorLogger - auto.py - 122 - INFO - 连接正常！
2024-05-16 11:38:15,720 - wifiMonitorLogger - auto.py - 98 - INFO - 检测开始...
2024-05-16 11:38:16,183 - wifiMonitorLogger - auto.py - 122 - INFO - 连接正常！
2024-05-16 11:39:15,760 - wifiMonitorLogger - auto.py - 98 - INFO - 检测开始...
2024-05-16 11:39:16,155 - wifiMonitorLogger - auto.py - 122 - INFO - 连接正常！
2024-05-16 11:40:15,796 - wifiMonitorLogger - auto.py - 98 - INFO - 检测开始...
2024-05-16 11:40:16,213 - wifiMonitorLogger - auto.py - 122 - INFO - 连接正常！
2024-05-16 11:41:15,835 - wifiMonitorLogger - auto.py - 98 - INFO - 检测开始...
2024-05-16 11:41:16,292 - wifiMonitorLogger - auto.py - 122 - INFO - 连接正常！
2024-05-16 11:42:15,874 - wifiMonitorLogger - auto.py - 98 - INFO - 检测开始...
2024-05-16 11:42:16,294 - wifiMonitorLogger - auto.py - 122 - INFO - 连接正常！
2024-05-16 11:43:15,914 - wifiMonitorLogger - auto.py - 98 - INFO - 检测开始...
2024-05-16 11:43:16,443 - wifiMonitorLogger - auto.py - 122 - INFO - 连接正常！
2024-05-16 11:44:15,952 - wifiMonitorLogger - auto.py - 98 - INFO - 检测开始...
2024-05-16 11:44:16,318 - wifiMonitorLogger - auto.py - 122 - INFO - 连接正常！
2024-05-16 11:45:15,991 - wifiMonitorLogger - auto.py - 98 - INFO - 检测开始...
2024-05-16 11:45:16,375 - wifiMonitorLogger - auto.py - 122 - INFO - 连接正常！
2024-05-16 11:46:16,030 - wifiMonitorLogger - auto.py - 98 - INFO - 检测开始...
2024-05-16 11:46:16,449 - wifiMonitorLogger - auto.py - 122 - INFO - 连接正常！
2024-05-16 11:47:16,069 - wifiMonitorLogger - auto.py - 98 - INFO - 检测开始...
2024-05-16 11:47:16,457 - wifiMonitorLogger - auto.py - 122 - INFO - 连接正常！
2024-05-16 11:48:16,109 - wifiMonitorLogger - auto.py - 98 - INFO - 检测开始...
2024-05-16 11:48:16,478 - wifiMonitorLogger - auto.py - 122 - INFO - 连接正常！
2024-05-16 11:49:16,150 - wifiMonitorLogger - auto.py - 98 - INFO - 检测开始...
2024-05-16 11:49:16,533 - wifiMonitorLogger - auto.py - 122 - INFO - 连接正常！
2024-05-16 11:50:16,188 - wifiMonitorLogger - auto.py - 98 - INFO - 检测开始...
2024-05-16 11:50:16,640 - wifiMonitorLogger - auto.py - 122 - INFO - 连接正常！
2024-05-16 11:51:16,226 - wifiMonitorLogger - auto.py - 98 - INFO - 检测开始...
2024-05-16 11:51:16,651 - wifiMonitorLogger - auto.py - 122 - INFO - 连接正常！
2024-05-16 11:52:16,265 - wifiMonitorLogger - auto.py - 98 - INFO - 检测开始...
2024-05-16 11:52:16,648 - wifiMonitorLogger - auto.py - 122 - INFO - 连接正常！
2024-05-16 11:53:16,306 - wifiMonitorLogger - auto.py - 98 - INFO - 检测开始...
2024-05-16 11:53:16,685 - wifiMonitorLogger - auto.py - 122 - INFO - 连接正常！
2024-05-16 11:54:16,345 - wifiMonitorLogger - auto.py - 98 - INFO - 检测开始...
2024-05-16 11:54:16,725 - wifiMonitorLogger - auto.py - 122 - INFO - 连接正常！
2024-05-16 11:55:16,381 - wifiMonitorLogger - auto.py - 98 - INFO - 检测开始...
2024-05-16 11:55:16,783 - wifiMonitorLogger - auto.py - 122 - INFO - 连接正常！
2024-05-16 11:56:16,416 - wifiMonitorLogger - auto.py - 98 - INFO - 检测开始...
2024-05-16 11:56:16,872 - wifiMonitorLogger - auto.py - 122 - INFO - 连接正常！
2024-05-16 11:57:16,457 - wifiMonitorLogger - auto.py - 98 - INFO - 检测开始...
2024-05-16 11:57:16,884 - wifiMonitorLogger - auto.py - 122 - INFO - 连接正常！
2024-05-16 11:58:16,494 - wifiMonitorLogger - auto.py - 98 - INFO - 检测开始...
2024-05-16 11:58:16,868 - wifiMonitorLogger - auto.py - 122 - INFO - 连接正常！
2024-05-16 11:59:16,533 - wifiMonitorLogger - auto.py - 98 - INFO - 检测开始...
2024-05-16 11:59:16,909 - wifiMonitorLogger - auto.py - 122 - INFO - 连接正常！
2024-05-16 12:00:16,571 - wifiMonitorLogger - auto.py - 98 - INFO - 检测开始...
2024-05-16 12:00:16,929 - wifiMonitorLogger - auto.py - 122 - INFO - 连接正常！
2024-05-16 12:01:16,608 - wifiMonitorLogger - auto.py - 98 - INFO - 检测开始...
2024-05-16 12:01:17,034 - wifiMonitorLogger - auto.py - 122 - INFO - 连接正常！
2024-05-16 12:02:16,647 - wifiMonitorLogger - auto.py - 98 - INFO - 检测开始...
2024-05-16 12:02:17,107 - wifiMonitorLogger - auto.py - 122 - INFO - 连接正常！
2024-05-16 12:03:16,688 - wifiMonitorLogger - auto.py - 98 - INFO - 检测开始...
2024-05-16 12:03:17,092 - wifiMonitorLogger - auto.py - 122 - INFO - 连接正常！
2024-05-16 12:04:16,725 - wifiMonitorLogger - auto.py - 98 - INFO - 检测开始...
2024-05-16 12:04:17,090 - wifiMonitorLogger - auto.py - 122 - INFO - 连接正常！
2024-05-16 12:05:16,757 - wifiMonitorLogger - auto.py - 98 - INFO - 检测开始...
2024-05-16 12:05:17,107 - wifiMonitorLogger - auto.py - 122 - INFO - 连接正常！
2024-05-16 12:06:16,800 - wifiMonitorLogger - auto.py - 98 - INFO - 检测开始...
2024-05-16 12:06:17,202 - wifiMonitorLogger - auto.py - 122 - INFO - 连接正常！
2024-05-16 12:07:16,838 - wifiMonitorLogger - auto.py - 98 - INFO - 检测开始...
2024-05-16 12:07:17,219 - wifiMonitorLogger - auto.py - 122 - INFO - 连接正常！
2024-05-16 12:08:16,876 - wifiMonitorLogger - auto.py - 98 - INFO - 检测开始...
2024-05-16 12:08:17,252 - wifiMonitorLogger - auto.py - 122 - INFO - 连接正常！
2024-05-16 12:09:16,910 - wifiMonitorLogger - auto.py - 98 - INFO - 检测开始...
2024-05-16 12:09:17,354 - wifiMonitorLogger - auto.py - 122 - INFO - 连接正常！
2024-05-16 12:10:16,950 - wifiMonitorLogger - auto.py - 98 - INFO - 检测开始...
2024-05-16 12:10:17,351 - wifiMonitorLogger - auto.py - 122 - INFO - 连接正常！
2024-05-16 12:11:16,989 - wifiMonitorLogger - auto.py - 98 - INFO - 检测开始...
2024-05-16 12:11:17,375 - wifiMonitorLogger - auto.py - 122 - INFO - 连接正常！
2024-05-16 12:12:17,027 - wifiMonitorLogger - auto.py - 98 - INFO - 检测开始...
2024-05-16 12:12:17,441 - wifiMonitorLogger - auto.py - 122 - INFO - 连接正常！
2024-05-16 12:13:17,066 - wifiMonitorLogger - auto.py - 98 - INFO - 检测开始...
2024-05-16 12:13:17,522 - wifiMonitorLogger - auto.py - 122 - INFO - 连接正常！
2024-05-16 12:14:17,100 - wifiMonitorLogger - auto.py - 98 - INFO - 检测开始...
2024-05-16 12:14:17,516 - wifiMonitorLogger - auto.py - 122 - INFO - 连接正常！
2024-05-16 12:15:17,134 - wifiMonitorLogger - auto.py - 98 - INFO - 检测开始...
2024-05-16 12:15:17,629 - wifiMonitorLogger - auto.py - 122 - INFO - 连接正常！
2024-05-16 12:16:17,174 - wifiMonitorLogger - auto.py - 98 - INFO - 检测开始...
2024-05-16 12:16:17,589 - wifiMonitorLogger - auto.py - 122 - INFO - 连接正常！
2024-05-16 12:17:17,210 - wifiMonitorLogger - auto.py - 98 - INFO - 检测开始...
2024-05-16 12:17:17,589 - wifiMonitorLogger - auto.py - 122 - INFO - 连接正常！
2024-05-16 12:18:17,250 - wifiMonitorLogger - auto.py - 98 - INFO - 检测开始...
2024-05-16 12:18:17,613 - wifiMonitorLogger - auto.py - 122 - INFO - 连接正常！
2024-05-16 12:19:17,287 - wifiMonitorLogger - auto.py - 98 - INFO - 检测开始...
2024-05-16 12:19:17,673 - wifiMonitorLogger - auto.py - 122 - INFO - 连接正常！
2024-05-16 12:20:17,327 - wifiMonitorLogger - auto.py - 98 - INFO - 检测开始...
2024-05-16 12:20:17,710 - wifiMonitorLogger - auto.py - 122 - INFO - 连接正常！
2024-05-16 12:21:17,363 - wifiMonitorLogger - auto.py - 98 - INFO - 检测开始...
2024-05-16 12:21:17,771 - wifiMonitorLogger - auto.py - 122 - INFO - 连接正常！
2024-05-16 12:22:17,401 - wifiMonitorLogger - auto.py - 98 - INFO - 检测开始...
2024-05-16 12:22:17,843 - wifiMonitorLogger - auto.py - 122 - INFO - 连接正常！
2024-05-16 12:23:17,441 - wifiMonitorLogger - auto.py - 98 - INFO - 检测开始...
2024-05-16 12:23:17,801 - wifiMonitorLogger - auto.py - 122 - INFO - 连接正常！
2024-05-16 12:24:17,477 - wifiMonitorLogger - auto.py - 98 - INFO - 检测开始...
2024-05-16 12:24:17,836 - wifiMonitorLogger - auto.py - 122 - INFO - 连接正常！
2024-05-16 12:25:17,514 - wifiMonitorLogger - auto.py - 98 - INFO - 检测开始...
2024-05-16 12:25:17,887 - wifiMonitorLogger - auto.py - 122 - INFO - 连接正常！
2024-05-16 12:26:17,552 - wifiMonitorLogger - auto.py - 98 - INFO - 检测开始...
2024-05-16 12:26:17,969 - wifiMonitorLogger - auto.py - 122 - INFO - 连接正常！
2024-05-16 12:27:17,592 - wifiMonitorLogger - auto.py - 98 - INFO - 检测开始...
2024-05-16 12:27:17,977 - wifiMonitorLogger - auto.py - 122 - INFO - 连接正常！
2024-05-16 12:28:17,629 - wifiMonitorLogger - auto.py - 98 - INFO - 检测开始...
2024-05-16 12:28:18,059 - wifiMonitorLogger - auto.py - 122 - INFO - 连接正常！
2024-05-16 12:29:17,665 - wifiMonitorLogger - auto.py - 98 - INFO - 检测开始...
2024-05-16 12:29:18,080 - wifiMonitorLogger - auto.py - 122 - INFO - 连接正常！
2024-05-16 12:30:17,708 - wifiMonitorLogger - auto.py - 98 - INFO - 检测开始...
2024-05-16 12:30:18,077 - wifiMonitorLogger - auto.py - 122 - INFO - 连接正常！
2024-05-16 12:31:17,743 - wifiMonitorLogger - auto.py - 98 - INFO - 检测开始...
2024-05-16 12:31:18,166 - wifiMonitorLogger - auto.py - 122 - INFO - 连接正常！
2024-05-16 12:32:17,786 - wifiMonitorLogger - auto.py - 98 - INFO - 检测开始...
2024-05-16 12:32:18,235 - wifiMonitorLogger - auto.py - 122 - INFO - 连接正常！
2024-05-16 12:33:17,824 - wifiMonitorLogger - auto.py - 98 - INFO - 检测开始...
2024-05-16 12:33:18,180 - wifiMonitorLogger - auto.py - 122 - INFO - 连接正常！
2024-05-16 12:34:17,862 - wifiMonitorLogger - auto.py - 98 - INFO - 检测开始...
2024-05-16 12:34:18,253 - wifiMonitorLogger - auto.py - 122 - INFO - 连接正常！
2024-05-16 12:35:17,901 - wifiMonitorLogger - auto.py - 98 - INFO - 检测开始...
2024-05-16 12:35:18,309 - wifiMonitorLogger - auto.py - 122 - INFO - 连接正常！
2024-05-16 12:36:17,938 - wifiMonitorLogger - auto.py - 98 - INFO - 检测开始...
2024-05-16 12:36:18,315 - wifiMonitorLogger - auto.py - 122 - INFO - 连接正常！
2024-05-16 12:37:17,971 - wifiMonitorLogger - auto.py - 98 - INFO - 检测开始...
2024-05-16 12:37:18,368 - wifiMonitorLogger - auto.py - 122 - INFO - 连接正常！
2024-05-16 12:38:18,011 - wifiMonitorLogger - auto.py - 98 - INFO - 检测开始...
2024-05-16 12:38:18,439 - wifiMonitorLogger - auto.py - 122 - INFO - 连接正常！
2024-05-16 12:39:18,045 - wifiMonitorLogger - auto.py - 98 - INFO - 检测开始...
2024-05-16 12:39:18,428 - wifiMonitorLogger - auto.py - 122 - INFO - 连接正常！
2024-05-16 12:40:18,081 - wifiMonitorLogger - auto.py - 98 - INFO - 检测开始...
2024-05-16 12:40:18,462 - wifiMonitorLogger - auto.py - 122 - INFO - 连接正常！
2024-05-16 12:41:18,123 - wifiMonitorLogger - auto.py - 98 - INFO - 检测开始...
2024-05-16 12:41:18,526 - wifiMonitorLogger - auto.py - 122 - INFO - 连接正常！
2024-05-16 12:42:18,701 - wifiMonitorLogger - auto.py - 98 - INFO - 检测开始...
2024-05-16 12:42:19,150 - wifiMonitorLogger - auto.py - 122 - INFO - 连接正常！
2024-05-16 12:43:18,745 - wifiMonitorLogger - auto.py - 98 - INFO - 检测开始...
2024-05-16 12:43:19,158 - wifiMonitorLogger - auto.py - 122 - INFO - 连接正常！
2024-05-16 12:44:18,785 - wifiMonitorLogger - auto.py - 98 - INFO - 检测开始...
2024-05-16 12:44:19,182 - wifiMonitorLogger - auto.py - 122 - INFO - 连接正常！
2024-05-16 12:45:18,823 - wifiMonitorLogger - auto.py - 98 - INFO - 检测开始...
2024-05-16 12:45:19,268 - wifiMonitorLogger - auto.py - 122 - INFO - 连接正常！
2024-05-16 12:46:18,861 - wifiMonitorLogger - auto.py - 98 - INFO - 检测开始...
2024-05-16 12:46:19,303 - wifiMonitorLogger - auto.py - 122 - INFO - 连接正常！
2024-05-16 12:47:18,903 - wifiMonitorLogger - auto.py - 98 - INFO - 检测开始...
2024-05-16 12:47:19,276 - wifiMonitorLogger - auto.py - 122 - INFO - 连接正常！
2024-05-16 12:48:18,939 - wifiMonitorLogger - auto.py - 98 - INFO - 检测开始...
2024-05-16 12:48:19,334 - wifiMonitorLogger - auto.py - 122 - INFO - 连接正常！
2024-05-16 12:49:18,977 - wifiMonitorLogger - auto.py - 98 - INFO - 检测开始...
2024-05-16 12:49:19,396 - wifiMonitorLogger - auto.py - 122 - INFO - 连接正常！
2024-05-16 12:50:19,015 - wifiMonitorLogger - auto.py - 98 - INFO - 检测开始...
2024-05-16 12:50:19,423 - wifiMonitorLogger - auto.py - 122 - INFO - 连接正常！
2024-05-16 12:51:19,054 - wifiMonitorLogger - auto.py - 98 - INFO - 检测开始...
2024-05-16 12:51:19,466 - wifiMonitorLogger - auto.py - 122 - INFO - 连接正常！
2024-05-16 12:52:19,091 - wifiMonitorLogger - auto.py - 98 - INFO - 检测开始...
2024-05-16 12:52:19,525 - wifiMonitorLogger - auto.py - 122 - INFO - 连接正常！
2024-05-16 12:53:19,126 - wifiMonitorLogger - auto.py - 98 - INFO - 检测开始...
2024-05-16 12:53:19,505 - wifiMonitorLogger - auto.py - 122 - INFO - 连接正常！
2024-05-16 12:54:19,167 - wifiMonitorLogger - auto.py - 98 - INFO - 检测开始...
2024-05-16 12:54:19,568 - wifiMonitorLogger - auto.py - 122 - INFO - 连接正常！
2024-05-16 12:55:19,208 - wifiMonitorLogger - auto.py - 98 - INFO - 检测开始...
2024-05-16 12:55:19,616 - wifiMonitorLogger - auto.py - 122 - INFO - 连接正常！
2024-05-16 12:56:19,242 - wifiMonitorLogger - auto.py - 98 - INFO - 检测开始...
2024-05-16 12:56:19,629 - wifiMonitorLogger - auto.py - 122 - INFO - 连接正常！
2024-05-16 12:57:19,281 - wifiMonitorLogger - auto.py - 98 - INFO - 检测开始...
2024-05-16 12:57:19,631 - wifiMonitorLogger - auto.py - 122 - INFO - 连接正常！
2024-05-16 12:58:19,319 - wifiMonitorLogger - auto.py - 98 - INFO - 检测开始...
2024-05-16 12:58:19,744 - wifiMonitorLogger - auto.py - 122 - INFO - 连接正常！
2024-05-16 12:59:19,353 - wifiMonitorLogger - auto.py - 98 - INFO - 检测开始...
2024-05-16 12:59:19,764 - wifiMonitorLogger - auto.py - 122 - INFO - 连接正常！
2024-05-16 13:00:19,395 - wifiMonitorLogger - auto.py - 98 - INFO - 检测开始...
2024-05-16 13:00:19,772 - wifiMonitorLogger - auto.py - 122 - INFO - 连接正常！
2024-05-16 13:01:19,431 - wifiMonitorLogger - auto.py - 98 - INFO - 检测开始...
2024-05-16 13:01:19,836 - wifiMonitorLogger - auto.py - 122 - INFO - 连接正常！
2024-05-16 13:02:19,468 - wifiMonitorLogger - auto.py - 98 - INFO - 检测开始...
2024-05-16 13:02:19,915 - wifiMonitorLogger - auto.py - 122 - INFO - 连接正常！
2024-05-16 13:03:19,872 - wifiMonitorLogger - auto.py - 98 - INFO - 检测开始...
2024-05-16 13:03:22,827 - wifiMonitorLogger - auto.py - 122 - INFO - 连接正常！
2024-05-16 13:04:20,111 - wifiMonitorLogger - auto.py - 98 - INFO - 检测开始...
2024-05-16 13:04:20,502 - wifiMonitorLogger - auto.py - 122 - INFO - 连接正常！
2024-05-16 13:05:20,149 - wifiMonitorLogger - auto.py - 98 - INFO - 检测开始...
2024-05-16 13:05:21,521 - wifiMonitorLogger - auto.py - 122 - INFO - 连接正常！
2024-05-16 13:06:20,188 - wifiMonitorLogger - auto.py - 98 - INFO - 检测开始...
2024-05-16 13:06:21,627 - wifiMonitorLogger - auto.py - 122 - INFO - 连接正常！
2024-05-16 13:07:20,226 - wifiMonitorLogger - auto.py - 98 - INFO - 检测开始...
2024-05-16 13:07:20,587 - wifiMonitorLogger - auto.py - 122 - INFO - 连接正常！
2024-05-16 13:08:20,265 - wifiMonitorLogger - auto.py - 98 - INFO - 检测开始...
2024-05-16 13:08:20,701 - wifiMonitorLogger - auto.py - 122 - INFO - 连接正常！
2024-05-16 13:09:20,305 - wifiMonitorLogger - auto.py - 98 - INFO - 检测开始...
2024-05-16 13:09:20,693 - wifiMonitorLogger - auto.py - 122 - INFO - 连接正常！
2024-05-16 13:10:20,345 - wifiMonitorLogger - auto.py - 98 - INFO - 检测开始...
2024-05-16 13:10:20,730 - wifiMonitorLogger - auto.py - 122 - INFO - 连接正常！
2024-05-16 13:11:20,382 - wifiMonitorLogger - auto.py - 98 - INFO - 检测开始...
2024-05-16 13:11:20,805 - wifiMonitorLogger - auto.py - 122 - INFO - 连接正常！
2024-05-16 13:12:20,421 - wifiMonitorLogger - auto.py - 98 - INFO - 检测开始...
2024-05-16 13:12:20,883 - wifiMonitorLogger - auto.py - 122 - INFO - 连接正常！
2024-05-16 13:13:20,457 - wifiMonitorLogger - auto.py - 98 - INFO - 检测开始...
2024-05-16 13:13:20,876 - wifiMonitorLogger - auto.py - 122 - INFO - 连接正常！
2024-05-16 13:14:20,497 - wifiMonitorLogger - auto.py - 98 - INFO - 检测开始...
2024-05-16 13:14:20,908 - wifiMonitorLogger - auto.py - 122 - INFO - 连接正常！
2024-05-16 13:15:20,533 - wifiMonitorLogger - auto.py - 98 - INFO - 检测开始...
2024-05-16 13:15:21,001 - wifiMonitorLogger - auto.py - 122 - INFO - 连接正常！
2024-05-16 13:16:20,570 - wifiMonitorLogger - auto.py - 98 - INFO - 检测开始...
2024-05-16 13:16:21,051 - wifiMonitorLogger - auto.py - 122 - INFO - 连接正常！
2024-05-16 13:17:20,607 - wifiMonitorLogger - auto.py - 98 - INFO - 检测开始...
2024-05-16 13:17:20,987 - wifiMonitorLogger - auto.py - 122 - INFO - 连接正常！
2024-05-16 13:18:20,644 - wifiMonitorLogger - auto.py - 98 - INFO - 检测开始...
2024-05-16 13:18:21,027 - wifiMonitorLogger - auto.py - 122 - INFO - 连接正常！
2024-05-16 13:19:20,684 - wifiMonitorLogger - auto.py - 98 - INFO - 检测开始...
2024-05-16 13:19:21,070 - wifiMonitorLogger - auto.py - 122 - INFO - 连接正常！
2024-05-16 13:20:20,723 - wifiMonitorLogger - auto.py - 98 - INFO - 检测开始...
2024-05-16 13:20:21,087 - wifiMonitorLogger - auto.py - 122 - INFO - 连接正常！
2024-05-16 13:21:20,809 - wifiMonitorLogger - auto.py - 98 - INFO - 检测开始...
2024-05-16 13:21:21,232 - wifiMonitorLogger - auto.py - 122 - INFO - 连接正常！
2024-05-16 13:22:20,847 - wifiMonitorLogger - auto.py - 98 - INFO - 检测开始...
2024-05-16 13:22:21,212 - wifiMonitorLogger - auto.py - 122 - INFO - 连接正常！
2024-05-16 13:23:20,884 - wifiMonitorLogger - auto.py - 98 - INFO - 检测开始...
2024-05-16 13:23:21,276 - wifiMonitorLogger - auto.py - 122 - INFO - 连接正常！
2024-05-16 13:24:20,918 - wifiMonitorLogger - auto.py - 98 - INFO - 检测开始...
2024-05-16 13:24:21,349 - wifiMonitorLogger - auto.py - 122 - INFO - 连接正常！
2024-05-16 13:25:20,957 - wifiMonitorLogger - auto.py - 98 - INFO - 检测开始...
2024-05-16 13:25:21,400 - wifiMonitorLogger - auto.py - 122 - INFO - 连接正常！
2024-05-16 13:26:20,998 - wifiMonitorLogger - auto.py - 98 - INFO - 检测开始...
2024-05-16 13:26:21,412 - wifiMonitorLogger - auto.py - 122 - INFO - 连接正常！
2024-05-16 13:27:21,037 - wifiMonitorLogger - auto.py - 98 - INFO - 检测开始...
2024-05-16 13:27:21,399 - wifiMonitorLogger - auto.py - 122 - INFO - 连接正常！
2024-05-16 13:28:21,073 - wifiMonitorLogger - auto.py - 98 - INFO - 检测开始...
2024-05-16 13:28:21,497 - wifiMonitorLogger - auto.py - 122 - INFO - 连接正常！
2024-05-16 13:29:21,113 - wifiMonitorLogger - auto.py - 98 - INFO - 检测开始...
2024-05-16 13:29:21,507 - wifiMonitorLogger - auto.py - 122 - INFO - 连接正常！
2024-05-16 13:30:21,152 - wifiMonitorLogger - auto.py - 98 - INFO - 检测开始...
2024-05-16 13:30:21,582 - wifiMonitorLogger - auto.py - 122 - INFO - 连接正常！
2024-05-16 13:31:21,192 - wifiMonitorLogger - auto.py - 98 - INFO - 检测开始...
2024-05-16 13:31:21,611 - wifiMonitorLogger - auto.py - 122 - INFO - 连接正常！
2024-05-16 13:32:21,229 - wifiMonitorLogger - auto.py - 98 - INFO - 检测开始...
2024-05-16 13:32:21,673 - wifiMonitorLogger - auto.py - 122 - INFO - 连接正常！
2024-05-16 13:33:21,274 - wifiMonitorLogger - auto.py - 98 - INFO - 检测开始...
2024-05-16 13:33:21,788 - wifiMonitorLogger - auto.py - 122 - INFO - 连接正常！
2024-05-16 13:34:21,307 - wifiMonitorLogger - auto.py - 98 - INFO - 检测开始...
2024-05-16 13:34:21,770 - wifiMonitorLogger - auto.py - 122 - INFO - 连接正常！
2024-05-16 13:35:21,346 - wifiMonitorLogger - auto.py - 98 - INFO - 检测开始...
2024-05-16 13:35:21,812 - wifiMonitorLogger - auto.py - 122 - INFO - 连接正常！
2024-05-16 13:36:21,383 - wifiMonitorLogger - auto.py - 98 - INFO - 检测开始...
2024-05-16 13:36:21,814 - wifiMonitorLogger - auto.py - 122 - INFO - 连接正常！
2024-05-16 13:37:21,420 - wifiMonitorLogger - auto.py - 98 - INFO - 检测开始...
2024-05-16 13:37:21,942 - wifiMonitorLogger - auto.py - 122 - INFO - 连接正常！
2024-05-16 13:38:21,470 - wifiMonitorLogger - auto.py - 98 - INFO - 检测开始...
2024-05-16 13:38:21,837 - wifiMonitorLogger - auto.py - 122 - INFO - 连接正常！
2024-05-16 13:39:21,509 - wifiMonitorLogger - auto.py - 98 - INFO - 检测开始...
2024-05-16 13:39:21,946 - wifiMonitorLogger - auto.py - 122 - INFO - 连接正常！
2024-05-16 13:40:21,546 - wifiMonitorLogger - auto.py - 98 - INFO - 检测开始...
2024-05-16 13:40:21,980 - wifiMonitorLogger - auto.py - 122 - INFO - 连接正常！
2024-05-16 13:41:21,585 - wifiMonitorLogger - auto.py - 98 - INFO - 检测开始...
2024-05-16 13:41:21,979 - wifiMonitorLogger - auto.py - 122 - INFO - 连接正常！
2024-05-16 13:42:21,789 - wifiMonitorLogger - auto.py - 98 - INFO - 检测开始...
2024-05-16 13:42:22,177 - wifiMonitorLogger - auto.py - 122 - INFO - 连接正常！
2024-05-16 13:43:21,831 - wifiMonitorLogger - auto.py - 98 - INFO - 检测开始...
2024-05-16 13:43:22,245 - wifiMonitorLogger - auto.py - 122 - INFO - 连接正常！
2024-05-16 13:44:21,870 - wifiMonitorLogger - auto.py - 98 - INFO - 检测开始...
2024-05-16 13:44:22,236 - wifiMonitorLogger - auto.py - 122 - INFO - 连接正常！
2024-05-16 13:45:21,909 - wifiMonitorLogger - auto.py - 98 - INFO - 检测开始...
2024-05-16 13:45:22,273 - wifiMonitorLogger - auto.py - 122 - INFO - 连接正常！
2024-05-16 13:46:21,949 - wifiMonitorLogger - auto.py - 98 - INFO - 检测开始...
2024-05-16 13:46:22,375 - wifiMonitorLogger - auto.py - 122 - INFO - 连接正常！
2024-05-16 13:47:21,986 - wifiMonitorLogger - auto.py - 98 - INFO - 检测开始...
2024-05-16 13:47:22,402 - wifiMonitorLogger - auto.py - 122 - INFO - 连接正常！
2024-05-16 13:48:22,026 - wifiMonitorLogger - auto.py - 98 - INFO - 检测开始...
2024-05-16 13:48:22,399 - wifiMonitorLogger - auto.py - 122 - INFO - 连接正常！
2024-05-16 13:49:22,068 - wifiMonitorLogger - auto.py - 98 - INFO - 检测开始...
2024-05-16 13:49:22,456 - wifiMonitorLogger - auto.py - 122 - INFO - 连接正常！
2024-05-16 13:50:22,107 - wifiMonitorLogger - auto.py - 98 - INFO - 检测开始...
2024-05-16 13:50:22,590 - wifiMonitorLogger - auto.py - 122 - INFO - 连接正常！
2024-05-16 13:51:22,146 - wifiMonitorLogger - auto.py - 98 - INFO - 检测开始...
2024-05-16 13:51:22,617 - wifiMonitorLogger - auto.py - 122 - INFO - 连接正常！
2024-05-16 13:52:22,185 - wifiMonitorLogger - auto.py - 98 - INFO - 检测开始...
2024-05-16 13:52:22,585 - wifiMonitorLogger - auto.py - 122 - INFO - 连接正常！
2024-05-16 13:53:22,221 - wifiMonitorLogger - auto.py - 98 - INFO - 检测开始...
2024-05-16 13:53:22,651 - wifiMonitorLogger - auto.py - 122 - INFO - 连接正常！
2024-05-16 13:54:22,261 - wifiMonitorLogger - auto.py - 98 - INFO - 检测开始...
2024-05-16 13:54:22,771 - wifiMonitorLogger - auto.py - 122 - INFO - 连接正常！
2024-05-16 13:55:22,298 - wifiMonitorLogger - auto.py - 98 - INFO - 检测开始...
2024-05-16 13:55:22,738 - wifiMonitorLogger - auto.py - 122 - INFO - 连接正常！
2024-05-16 13:56:22,337 - wifiMonitorLogger - auto.py - 98 - INFO - 检测开始...
2024-05-16 13:56:22,764 - wifiMonitorLogger - auto.py - 122 - INFO - 连接正常！
2024-05-16 13:57:22,378 - wifiMonitorLogger - auto.py - 98 - INFO - 检测开始...
2024-05-16 13:57:22,804 - wifiMonitorLogger - auto.py - 122 - INFO - 连接正常！
2024-05-16 13:58:22,421 - wifiMonitorLogger - auto.py - 98 - INFO - 检测开始...
2024-05-16 13:58:22,841 - wifiMonitorLogger - auto.py - 122 - INFO - 连接正常！
2024-05-16 13:59:23,041 - wifiMonitorLogger - auto.py - 98 - INFO - 检测开始...
2024-05-16 13:59:24,043 - wifiMonitorLogger - auto.py - 122 - INFO - 连接正常！
2024-05-16 14:00:23,351 - wifiMonitorLogger - auto.py - 98 - INFO - 检测开始...
2024-05-16 14:00:23,774 - wifiMonitorLogger - auto.py - 122 - INFO - 连接正常！
2024-05-16 14:01:23,393 - wifiMonitorLogger - auto.py - 98 - INFO - 检测开始...
2024-05-16 14:01:23,779 - wifiMonitorLogger - auto.py - 122 - INFO - 连接正常！
2024-05-16 14:02:23,434 - wifiMonitorLogger - auto.py - 98 - INFO - 检测开始...
2024-05-16 14:02:23,864 - wifiMonitorLogger - auto.py - 122 - INFO - 连接正常！
2024-05-16 14:03:23,475 - wifiMonitorLogger - auto.py - 98 - INFO - 检测开始...
2024-05-16 14:03:23,889 - wifiMonitorLogger - auto.py - 122 - INFO - 连接正常！
2024-05-16 14:04:23,516 - wifiMonitorLogger - auto.py - 98 - INFO - 检测开始...
2024-05-16 14:04:24,001 - wifiMonitorLogger - auto.py - 122 - INFO - 连接正常！
2024-05-16 14:05:23,562 - wifiMonitorLogger - auto.py - 98 - INFO - 检测开始...
2024-05-16 14:05:24,034 - wifiMonitorLogger - auto.py - 122 - INFO - 连接正常！
2024-05-16 14:06:23,608 - wifiMonitorLogger - auto.py - 98 - INFO - 检测开始...
2024-05-16 14:06:24,034 - wifiMonitorLogger - auto.py - 122 - INFO - 连接正常！
2024-05-16 14:07:23,651 - wifiMonitorLogger - auto.py - 98 - INFO - 检测开始...
2024-05-16 14:07:24,104 - wifiMonitorLogger - auto.py - 122 - INFO - 连接正常！
2024-05-16 14:08:23,692 - wifiMonitorLogger - auto.py - 98 - INFO - 检测开始...
2024-05-16 14:08:24,113 - wifiMonitorLogger - auto.py - 122 - INFO - 连接正常！
2024-05-16 14:09:23,737 - wifiMonitorLogger - auto.py - 98 - INFO - 检测开始...
2024-05-16 14:09:24,170 - wifiMonitorLogger - auto.py - 122 - INFO - 连接正常！
2024-05-16 14:10:23,781 - wifiMonitorLogger - auto.py - 98 - INFO - 检测开始...
2024-05-16 14:10:24,181 - wifiMonitorLogger - auto.py - 122 - INFO - 连接正常！
2024-05-16 14:11:23,822 - wifiMonitorLogger - auto.py - 98 - INFO - 检测开始...
2024-05-16 14:11:24,196 - wifiMonitorLogger - auto.py - 122 - INFO - 连接正常！
2024-05-16 14:12:23,865 - wifiMonitorLogger - auto.py - 98 - INFO - 检测开始...
2024-05-16 14:12:24,250 - wifiMonitorLogger - auto.py - 122 - INFO - 连接正常！
2024-05-16 14:13:23,909 - wifiMonitorLogger - auto.py - 98 - INFO - 检测开始...
2024-05-16 14:13:25,374 - wifiMonitorLogger - auto.py - 122 - INFO - 连接正常！
2024-05-16 14:14:23,951 - wifiMonitorLogger - auto.py - 98 - INFO - 检测开始...
2024-05-16 14:14:25,342 - wifiMonitorLogger - auto.py - 122 - INFO - 连接正常！
2024-05-16 14:15:23,995 - wifiMonitorLogger - auto.py - 98 - INFO - 检测开始...
2024-05-16 14:15:25,405 - wifiMonitorLogger - auto.py - 122 - INFO - 连接正常！
2024-05-16 14:16:24,038 - wifiMonitorLogger - auto.py - 98 - INFO - 检测开始...
2024-05-16 14:16:24,428 - wifiMonitorLogger - auto.py - 122 - INFO - 连接正常！
2024-05-16 14:17:24,782 - wifiMonitorLogger - auto.py - 98 - INFO - 检测开始...
2024-05-16 14:17:27,698 - wifiMonitorLogger - auto.py - 122 - INFO - 连接正常！
2024-05-16 14:18:25,170 - wifiMonitorLogger - auto.py - 98 - INFO - 检测开始...
2024-05-16 14:18:25,661 - wifiMonitorLogger - auto.py - 122 - INFO - 连接正常！
2024-05-16 14:19:25,208 - wifiMonitorLogger - auto.py - 98 - INFO - 检测开始...
2024-05-16 14:19:25,862 - wifiMonitorLogger - auto.py - 122 - INFO - 连接正常！
2024-05-16 14:20:25,248 - wifiMonitorLogger - auto.py - 98 - INFO - 检测开始...
2024-05-16 14:20:27,025 - wifiMonitorLogger - auto.py - 122 - INFO - 连接正常！
2024-05-16 14:21:25,311 - wifiMonitorLogger - auto.py - 98 - INFO - 检测开始...
2024-05-16 14:21:25,916 - wifiMonitorLogger - auto.py - 122 - INFO - 连接正常！
2024-05-16 14:22:25,361 - wifiMonitorLogger - auto.py - 98 - INFO - 检测开始...
2024-05-16 14:22:25,766 - wifiMonitorLogger - auto.py - 122 - INFO - 连接正常！
2024-05-16 14:23:25,408 - wifiMonitorLogger - auto.py - 98 - INFO - 检测开始...
2024-05-16 14:23:25,839 - wifiMonitorLogger - auto.py - 122 - INFO - 连接正常！
2024-05-16 14:24:25,465 - wifiMonitorLogger - auto.py - 98 - INFO - 检测开始...
2024-05-16 14:24:25,858 - wifiMonitorLogger - auto.py - 122 - INFO - 连接正常！
2024-05-16 14:25:25,819 - wifiMonitorLogger - auto.py - 98 - INFO - 检测开始...
2024-05-16 14:25:26,242 - wifiMonitorLogger - auto.py - 122 - INFO - 连接正常！
2024-05-16 14:26:26,975 - wifiMonitorLogger - auto.py - 98 - INFO - 检测开始...
2024-05-16 14:26:28,357 - wifiMonitorLogger - auto.py - 122 - INFO - 连接正常！
2024-05-16 14:27:27,054 - wifiMonitorLogger - auto.py - 98 - INFO - 检测开始...
2024-05-16 14:27:28,154 - wifiMonitorLogger - auto.py - 122 - INFO - 连接正常！
2024-05-16 14:28:27,135 - wifiMonitorLogger - auto.py - 98 - INFO - 检测开始...
2024-05-16 14:28:27,749 - wifiMonitorLogger - auto.py - 122 - INFO - 连接正常！
2024-05-16 14:29:27,674 - wifiMonitorLogger - auto.py - 98 - INFO - 检测开始...
2024-05-16 14:29:28,242 - wifiMonitorLogger - auto.py - 122 - INFO - 连接正常！
2024-05-16 14:30:28,109 - wifiMonitorLogger - auto.py - 98 - INFO - 检测开始...
2024-05-16 14:30:30,070 - wifiMonitorLogger - auto.py - 122 - INFO - 连接正常！
2024-05-16 14:31:28,659 - wifiMonitorLogger - auto.py - 98 - INFO - 检测开始...
2024-05-16 14:31:29,254 - wifiMonitorLogger - auto.py - 122 - INFO - 连接正常！
2024-05-16 14:32:28,881 - wifiMonitorLogger - auto.py - 98 - INFO - 检测开始...
2024-05-16 14:32:29,428 - wifiMonitorLogger - auto.py - 122 - INFO - 连接正常！
2024-05-16 14:33:29,206 - wifiMonitorLogger - auto.py - 98 - INFO - 检测开始...
2024-05-16 14:33:31,998 - wifiMonitorLogger - auto.py - 122 - INFO - 连接正常！
2024-05-16 14:34:29,477 - wifiMonitorLogger - auto.py - 98 - INFO - 检测开始...
2024-05-16 14:34:30,138 - wifiMonitorLogger - auto.py - 122 - INFO - 连接正常！
2024-05-16 14:35:29,572 - wifiMonitorLogger - auto.py - 98 - INFO - 检测开始...
2024-05-16 14:35:30,308 - wifiMonitorLogger - auto.py - 122 - INFO - 连接正常！
2024-05-16 14:36:29,757 - wifiMonitorLogger - auto.py - 98 - INFO - 检测开始...
2024-05-16 14:36:30,541 - wifiMonitorLogger - auto.py - 122 - INFO - 连接正常！
2024-05-16 14:37:30,076 - wifiMonitorLogger - auto.py - 98 - INFO - 检测开始...
2024-05-16 14:37:30,683 - wifiMonitorLogger - auto.py - 122 - INFO - 连接正常！
2024-05-16 14:38:30,139 - wifiMonitorLogger - auto.py - 98 - INFO - 检测开始...
2024-05-16 14:38:31,073 - wifiMonitorLogger - auto.py - 122 - INFO - 连接正常！
2024-05-16 14:39:30,182 - wifiMonitorLogger - auto.py - 98 - INFO - 检测开始...
2024-05-16 14:39:30,652 - wifiMonitorLogger - auto.py - 122 - INFO - 连接正常！
2024-05-16 14:40:30,392 - wifiMonitorLogger - auto.py - 98 - INFO - 检测开始...
2024-05-16 14:40:35,771 - wifiMonitorLogger - auto.py - 122 - INFO - 连接正常！
2024-05-16 14:41:31,390 - wifiMonitorLogger - auto.py - 98 - INFO - 检测开始...
2024-05-16 14:41:31,938 - wifiMonitorLogger - auto.py - 122 - INFO - 连接正常！
2024-05-16 14:42:31,518 - wifiMonitorLogger - auto.py - 98 - INFO - 检测开始...
2024-05-16 14:42:31,969 - wifiMonitorLogger - auto.py - 122 - INFO - 连接正常！
2024-05-16 14:43:31,556 - wifiMonitorLogger - auto.py - 98 - INFO - 检测开始...
2024-05-16 14:43:31,920 - wifiMonitorLogger - auto.py - 122 - INFO - 连接正常！
2024-05-16 14:44:31,598 - wifiMonitorLogger - auto.py - 98 - INFO - 检测开始...
2024-05-16 14:44:32,031 - wifiMonitorLogger - auto.py - 122 - INFO - 连接正常！
2024-05-16 14:45:31,638 - wifiMonitorLogger - auto.py - 98 - INFO - 检测开始...
2024-05-16 14:45:32,063 - wifiMonitorLogger - auto.py - 122 - INFO - 连接正常！
2024-05-16 14:46:31,674 - wifiMonitorLogger - auto.py - 98 - INFO - 检测开始...
2024-05-16 14:46:32,117 - wifiMonitorLogger - auto.py - 122 - INFO - 连接正常！
2024-05-16 14:47:31,716 - wifiMonitorLogger - auto.py - 98 - INFO - 检测开始...
2024-05-16 14:47:32,096 - wifiMonitorLogger - auto.py - 122 - INFO - 连接正常！
2024-05-16 14:48:31,754 - wifiMonitorLogger - auto.py - 98 - INFO - 检测开始...
2024-05-16 14:48:32,146 - wifiMonitorLogger - auto.py - 122 - INFO - 连接正常！
2024-05-16 14:49:31,790 - wifiMonitorLogger - auto.py - 98 - INFO - 检测开始...
2024-05-16 14:49:32,256 - wifiMonitorLogger - auto.py - 122 - INFO - 连接正常！
2024-05-16 14:50:31,830 - wifiMonitorLogger - auto.py - 98 - INFO - 检测开始...
2024-05-16 14:50:32,241 - wifiMonitorLogger - auto.py - 122 - INFO - 连接正常！
2024-05-16 14:51:31,873 - wifiMonitorLogger - auto.py - 98 - INFO - 检测开始...
2024-05-16 14:51:32,316 - wifiMonitorLogger - auto.py - 122 - INFO - 连接正常！
2024-05-16 14:52:31,912 - wifiMonitorLogger - auto.py - 98 - INFO - 检测开始...
2024-05-16 14:52:32,353 - wifiMonitorLogger - auto.py - 122 - INFO - 连接正常！
2024-05-16 14:53:31,952 - wifiMonitorLogger - auto.py - 98 - INFO - 检测开始...
2024-05-16 14:53:32,389 - wifiMonitorLogger - auto.py - 122 - INFO - 连接正常！
2024-05-16 14:54:31,990 - wifiMonitorLogger - auto.py - 98 - INFO - 检测开始...
2024-05-16 14:54:32,506 - wifiMonitorLogger - auto.py - 122 - INFO - 连接正常！
2024-05-16 14:55:32,028 - wifiMonitorLogger - auto.py - 98 - INFO - 检测开始...
2024-05-16 14:55:32,485 - wifiMonitorLogger - auto.py - 122 - INFO - 连接正常！
2024-05-16 14:56:32,071 - wifiMonitorLogger - auto.py - 98 - INFO - 检测开始...
2024-05-16 14:56:32,492 - wifiMonitorLogger - auto.py - 122 - INFO - 连接正常！
2024-05-16 14:57:32,234 - wifiMonitorLogger - auto.py - 98 - INFO - 检测开始...
2024-05-16 14:57:32,637 - wifiMonitorLogger - auto.py - 122 - INFO - 连接正常！
2024-05-16 14:58:32,270 - wifiMonitorLogger - auto.py - 98 - INFO - 检测开始...
2024-05-16 14:58:32,732 - wifiMonitorLogger - auto.py - 122 - INFO - 连接正常！
2024-05-16 14:59:32,306 - wifiMonitorLogger - auto.py - 98 - INFO - 检测开始...
2024-05-16 14:59:32,752 - wifiMonitorLogger - auto.py - 122 - INFO - 连接正常！
2024-05-16 15:00:32,348 - wifiMonitorLogger - auto.py - 98 - INFO - 检测开始...
2024-05-16 15:00:32,764 - wifiMonitorLogger - auto.py - 122 - INFO - 连接正常！
2024-05-16 15:01:32,387 - wifiMonitorLogger - auto.py - 98 - INFO - 检测开始...
2024-05-16 15:01:32,772 - wifiMonitorLogger - auto.py - 122 - INFO - 连接正常！
2024-05-16 15:02:32,424 - wifiMonitorLogger - auto.py - 98 - INFO - 检测开始...
2024-05-16 15:02:32,787 - wifiMonitorLogger - auto.py - 122 - INFO - 连接正常！
2024-05-16 15:03:32,461 - wifiMonitorLogger - auto.py - 98 - INFO - 检测开始...
2024-05-16 15:03:32,822 - wifiMonitorLogger - auto.py - 122 - INFO - 连接正常！
2024-05-16 15:04:32,633 - wifiMonitorLogger - auto.py - 98 - INFO - 检测开始...
2024-05-16 15:04:33,099 - wifiMonitorLogger - auto.py - 122 - INFO - 连接正常！
2024-05-16 15:05:32,672 - wifiMonitorLogger - auto.py - 98 - INFO - 检测开始...
2024-05-16 15:05:33,088 - wifiMonitorLogger - auto.py - 122 - INFO - 连接正常！
2024-05-16 15:06:32,852 - wifiMonitorLogger - auto.py - 98 - INFO - 检测开始...
2024-05-16 15:06:34,818 - wifiMonitorLogger - auto.py - 122 - INFO - 连接正常！
2024-05-16 15:07:32,916 - wifiMonitorLogger - auto.py - 98 - INFO - 检测开始...
2024-05-16 15:07:33,507 - wifiMonitorLogger - auto.py - 122 - INFO - 连接正常！
2024-05-16 15:08:32,951 - wifiMonitorLogger - auto.py - 98 - INFO - 检测开始...
2024-05-16 15:08:33,521 - wifiMonitorLogger - auto.py - 122 - INFO - 连接正常！
2024-05-16 15:09:32,978 - wifiMonitorLogger - auto.py - 98 - INFO - 检测开始...
2024-05-16 15:09:33,450 - wifiMonitorLogger - auto.py - 122 - INFO - 连接正常！
2024-05-16 15:10:33,052 - wifiMonitorLogger - auto.py - 98 - INFO - 检测开始...
2024-05-16 15:10:35,705 - wifiMonitorLogger - auto.py - 122 - INFO - 连接正常！
2024-05-16 15:11:33,120 - wifiMonitorLogger - auto.py - 98 - INFO - 检测开始...
2024-05-16 15:11:33,895 - wifiMonitorLogger - auto.py - 122 - INFO - 连接正常！
2024-05-16 15:12:33,178 - wifiMonitorLogger - auto.py - 98 - INFO - 检测开始...
2024-05-16 15:12:34,157 - wifiMonitorLogger - auto.py - 122 - INFO - 连接正常！
2024-05-16 15:13:33,248 - wifiMonitorLogger - auto.py - 98 - INFO - 检测开始...
2024-05-16 15:13:34,106 - wifiMonitorLogger - auto.py - 122 - INFO - 连接正常！
2024-05-16 15:14:33,511 - wifiMonitorLogger - auto.py - 98 - INFO - 检测开始...
2024-05-16 15:14:34,574 - wifiMonitorLogger - auto.py - 122 - INFO - 连接正常！
2024-05-16 15:15:33,637 - wifiMonitorLogger - auto.py - 98 - INFO - 检测开始...
2024-05-16 15:15:34,978 - wifiMonitorLogger - auto.py - 122 - INFO - 连接正常！
2024-05-16 15:16:33,869 - wifiMonitorLogger - auto.py - 98 - INFO - 检测开始...
2024-05-16 15:16:35,833 - wifiMonitorLogger - auto.py - 122 - INFO - 连接正常！
2024-05-16 15:17:33,956 - wifiMonitorLogger - auto.py - 98 - INFO - 检测开始...
2024-05-16 15:17:34,865 - wifiMonitorLogger - auto.py - 122 - INFO - 连接正常！
2024-05-16 15:18:34,089 - wifiMonitorLogger - auto.py - 98 - INFO - 检测开始...
2024-05-16 15:18:36,041 - wifiMonitorLogger - auto.py - 122 - INFO - 连接正常！
2024-05-16 15:19:34,208 - wifiMonitorLogger - auto.py - 98 - INFO - 检测开始...
2024-05-16 15:19:35,999 - wifiMonitorLogger - auto.py - 122 - INFO - 连接正常！
2024-05-16 15:20:34,783 - wifiMonitorLogger - auto.py - 98 - INFO - 检测开始...
2024-05-16 15:20:35,513 - wifiMonitorLogger - auto.py - 122 - INFO - 连接正常！
2024-05-16 15:21:34,854 - wifiMonitorLogger - auto.py - 98 - INFO - 检测开始...
2024-05-16 15:21:35,872 - wifiMonitorLogger - auto.py - 122 - INFO - 连接正常！
2024-05-16 15:22:35,487 - wifiMonitorLogger - auto.py - 98 - INFO - 检测开始...
2024-05-16 15:22:35,908 - wifiMonitorLogger - auto.py - 122 - INFO - 连接正常！
2024-05-16 15:23:35,525 - wifiMonitorLogger - auto.py - 98 - INFO - 检测开始...
2024-05-16 15:23:35,965 - wifiMonitorLogger - auto.py - 122 - INFO - 连接正常！
2024-05-16 15:24:35,861 - wifiMonitorLogger - auto.py - 98 - INFO - 检测开始...
2024-05-16 15:24:36,603 - wifiMonitorLogger - auto.py - 122 - INFO - 连接正常！
2024-05-16 15:25:36,016 - wifiMonitorLogger - auto.py - 98 - INFO - 检测开始...
2024-05-16 15:25:36,412 - wifiMonitorLogger - auto.py - 122 - INFO - 连接正常！
2024-05-16 15:26:36,060 - wifiMonitorLogger - auto.py - 98 - INFO - 检测开始...
2024-05-16 15:26:36,505 - wifiMonitorLogger - auto.py - 122 - INFO - 连接正常！
2024-05-16 15:27:36,097 - wifiMonitorLogger - auto.py - 98 - INFO - 检测开始...
2024-05-16 15:27:36,485 - wifiMonitorLogger - auto.py - 122 - INFO - 连接正常！
2024-05-16 15:28:36,139 - wifiMonitorLogger - auto.py - 98 - INFO - 检测开始...
2024-05-16 15:28:36,840 - wifiMonitorLogger - auto.py - 122 - INFO - 连接正常！
2024-05-16 15:29:36,182 - wifiMonitorLogger - auto.py - 98 - INFO - 检测开始...
2024-05-16 15:29:36,605 - wifiMonitorLogger - auto.py - 122 - INFO - 连接正常！
2024-05-16 15:30:36,218 - wifiMonitorLogger - auto.py - 98 - INFO - 检测开始...
2024-05-16 15:30:36,623 - wifiMonitorLogger - auto.py - 122 - INFO - 连接正常！
2024-05-16 15:31:36,256 - wifiMonitorLogger - auto.py - 98 - INFO - 检测开始...
2024-05-16 15:31:36,669 - wifiMonitorLogger - auto.py - 122 - INFO - 连接正常！
2024-05-16 15:32:36,291 - wifiMonitorLogger - auto.py - 98 - INFO - 检测开始...
2024-05-16 15:32:36,702 - wifiMonitorLogger - auto.py - 122 - INFO - 连接正常！
2024-05-16 15:33:36,326 - wifiMonitorLogger - auto.py - 98 - INFO - 检测开始...
2024-05-16 15:33:36,797 - wifiMonitorLogger - auto.py - 122 - INFO - 连接正常！
2024-05-16 15:34:36,362 - wifiMonitorLogger - auto.py - 98 - INFO - 检测开始...
2024-05-16 15:34:36,777 - wifiMonitorLogger - auto.py - 122 - INFO - 连接正常！
2024-05-16 15:35:36,400 - wifiMonitorLogger - auto.py - 98 - INFO - 检测开始...
2024-05-16 15:35:36,826 - wifiMonitorLogger - auto.py - 122 - INFO - 连接正常！
2024-05-16 15:36:36,436 - wifiMonitorLogger - auto.py - 98 - INFO - 检测开始...
2024-05-16 15:36:36,829 - wifiMonitorLogger - auto.py - 122 - INFO - 连接正常！
2024-05-16 15:37:36,473 - wifiMonitorLogger - auto.py - 98 - INFO - 检测开始...
2024-05-16 15:37:36,832 - wifiMonitorLogger - auto.py - 122 - INFO - 连接正常！
2024-05-16 15:38:36,510 - wifiMonitorLogger - auto.py - 98 - INFO - 检测开始...
2024-05-16 15:38:36,990 - wifiMonitorLogger - auto.py - 122 - INFO - 连接正常！
2024-05-16 15:39:36,548 - wifiMonitorLogger - auto.py - 98 - INFO - 检测开始...
2024-05-16 15:39:37,013 - wifiMonitorLogger - auto.py - 122 - INFO - 连接正常！
2024-05-16 15:40:36,586 - wifiMonitorLogger - auto.py - 98 - INFO - 检测开始...
2024-05-16 15:40:36,960 - wifiMonitorLogger - auto.py - 122 - INFO - 连接正常！
2024-05-16 15:41:36,624 - wifiMonitorLogger - auto.py - 98 - INFO - 检测开始...
2024-05-16 15:41:37,011 - wifiMonitorLogger - auto.py - 122 - INFO - 连接正常！
2024-05-16 15:42:36,677 - wifiMonitorLogger - auto.py - 98 - INFO - 检测开始...
2024-05-16 15:42:37,301 - wifiMonitorLogger - auto.py - 122 - INFO - 连接正常！
2024-05-16 15:43:36,711 - wifiMonitorLogger - auto.py - 98 - INFO - 检测开始...
2024-05-16 15:43:37,093 - wifiMonitorLogger - auto.py - 122 - INFO - 连接正常！
2024-05-16 15:44:36,757 - wifiMonitorLogger - auto.py - 98 - INFO - 检测开始...
2024-05-16 15:44:37,220 - wifiMonitorLogger - auto.py - 122 - INFO - 连接正常！
2024-05-16 15:45:36,864 - wifiMonitorLogger - auto.py - 98 - INFO - 检测开始...
2024-05-16 15:45:37,202 - wifiMonitorLogger - auto.py - 122 - INFO - 连接正常！
2024-05-16 15:46:36,902 - wifiMonitorLogger - auto.py - 98 - INFO - 检测开始...
2024-05-16 15:46:37,354 - wifiMonitorLogger - auto.py - 122 - INFO - 连接正常！
2024-05-16 15:47:36,961 - wifiMonitorLogger - auto.py - 98 - INFO - 检测开始...
2024-05-16 15:47:37,354 - wifiMonitorLogger - auto.py - 122 - INFO - 连接正常！
2024-05-16 15:48:36,998 - wifiMonitorLogger - auto.py - 98 - INFO - 检测开始...
2024-05-16 15:48:37,450 - wifiMonitorLogger - auto.py - 122 - INFO - 连接正常！
2024-05-16 15:49:37,031 - wifiMonitorLogger - auto.py - 98 - INFO - 检测开始...
2024-05-16 15:49:37,440 - wifiMonitorLogger - auto.py - 122 - INFO - 连接正常！
2024-05-16 15:50:37,070 - wifiMonitorLogger - auto.py - 98 - INFO - 检测开始...
2024-05-16 15:50:37,499 - wifiMonitorLogger - auto.py - 122 - INFO - 连接正常！
2024-05-16 15:51:37,123 - wifiMonitorLogger - auto.py - 98 - INFO - 检测开始...
2024-05-16 15:51:37,544 - wifiMonitorLogger - auto.py - 122 - INFO - 连接正常！
2024-05-16 15:52:37,196 - wifiMonitorLogger - auto.py - 98 - INFO - 检测开始...
2024-05-16 15:52:37,635 - wifiMonitorLogger - auto.py - 122 - INFO - 连接正常！
2024-05-16 15:53:38,125 - wifiMonitorLogger - auto.py - 98 - INFO - 检测开始...
2024-05-16 15:53:40,354 - wifiMonitorLogger - auto.py - 122 - INFO - 连接正常！
2024-05-16 15:54:38,763 - wifiMonitorLogger - auto.py - 98 - INFO - 检测开始...
2024-05-16 15:54:39,185 - wifiMonitorLogger - auto.py - 122 - INFO - 连接正常！
2024-05-16 15:55:38,836 - wifiMonitorLogger - auto.py - 98 - INFO - 检测开始...
2024-05-16 15:55:39,602 - wifiMonitorLogger - auto.py - 122 - INFO - 连接正常！
2024-05-16 15:56:38,930 - wifiMonitorLogger - auto.py - 98 - INFO - 检测开始...
2024-05-16 15:56:40,274 - wifiMonitorLogger - auto.py - 122 - INFO - 连接正常！
2024-05-16 15:57:39,214 - wifiMonitorLogger - auto.py - 98 - INFO - 检测开始...
2024-05-16 15:57:39,635 - wifiMonitorLogger - auto.py - 122 - INFO - 连接正常！
2024-05-16 15:58:39,278 - wifiMonitorLogger - auto.py - 98 - INFO - 检测开始...
2024-05-16 15:58:39,729 - wifiMonitorLogger - auto.py - 122 - INFO - 连接正常！
